info => Cleaning outputDir: /var/folders/rm/nm3m34h54wq6m7_sj2x428wm0000gn/T/chromatic--18238-3iYasAMyk7xb

                                                                        
                                                                        
                                                                        
                                                                                 
                                                                           
                                                                           
                                                                           
                                                                                 
                                              
                                              
                                              

1.1.19

TypeScript version used by Compodoc : 4.5.5

TypeScript version of current project : 4.6.2

Node.js version : v16.14.2

Operating system : macOS Unknown

[18:48:20] No configuration file found, switching to CLI flags.
[18:48:20] Using tsconfig file : /Volumes/BEEMO-SSD/02_WorkFiles/02_ScubboClients/01_Hays/robotron/Finanzmakler/FE-Library/plugin-library/library-plugin/projects/fm-library/.storybook/tsconfig.json
[18:48:20] Including      : /Volumes/BEEMO-SSD/02_WorkFiles/02_ScubboClients/01_Hays/robotron/Finanzmakler/FE-Library/plugin-library/library-plugin/projects/fm-library/.storybook/preview.ts
[18:48:20] Excluding      : /Volumes/BEEMO-SSD/02_WorkFiles/02_ScubboClients/01_Hays/robotron/Finanzmakler/FE-Library/plugin-library/library-plugin/projects/fm-library/.storybook/main.ts
[18:48:20] Ignoring       : /Volumes/BEEMO-SSD/02_WorkFiles/02_ScubboClients/01_Hays/robotron/Finanzmakler/FE-Library/plugin-library/library-plugin/projects/fm-library/.storybook/typings.d.ts
[18:48:20] Including      : /Volumes/BEEMO-SSD/02_WorkFiles/02_ScubboClients/01_Hays/robotron/Finanzmakler/FE-Library/plugin-library/library-plugin/projects/fm-library/src/public-api.ts
[18:48:20] Excluding      : /Volumes/BEEMO-SSD/02_WorkFiles/02_ScubboClients/01_Hays/robotron/Finanzmakler/FE-Library/plugin-library/library-plugin/projects/fm-library/src/test.ts
[18:48:20] Including      : /Volumes/BEEMO-SSD/02_WorkFiles/02_ScubboClients/01_Hays/robotron/Finanzmakler/FE-Library/plugin-library/library-plugin/projects/fm-library/src/lib/fm-library.module.ts
[18:48:20] Including      : /Volumes/BEEMO-SSD/02_WorkFiles/02_ScubboClients/01_Hays/robotron/Finanzmakler/FE-Library/plugin-library/library-plugin/projects/fm-library/src/stories/User.ts
[18:48:20] Ignoring       : /Volumes/BEEMO-SSD/02_WorkFiles/02_ScubboClients/01_Hays/robotron/Finanzmakler/FE-Library/plugin-library/library-plugin/projects/fm-library/src/lib/counter/counter.component.spec.ts
[18:48:20] Including      : /Volumes/BEEMO-SSD/02_WorkFiles/02_ScubboClients/01_Hays/robotron/Finanzmakler/FE-Library/plugin-library/library-plugin/projects/fm-library/src/lib/counter/counter.component.ts
[18:48:20] Including      : /Volumes/BEEMO-SSD/02_WorkFiles/02_ScubboClients/01_Hays/robotron/Finanzmakler/FE-Library/plugin-library/library-plugin/projects/fm-library/src/lib/counter/counter.stories.ts
[18:48:20] Ignoring       : /Volumes/BEEMO-SSD/02_WorkFiles/02_ScubboClients/01_Hays/robotron/Finanzmakler/FE-Library/plugin-library/library-plugin/projects/fm-library/src/lib/services/helper.service.spec.ts
[18:48:20] Including      : /Volumes/BEEMO-SSD/02_WorkFiles/02_ScubboClients/01_Hays/robotron/Finanzmakler/FE-Library/plugin-library/library-plugin/projects/fm-library/src/lib/services/helper.service.ts
[18:48:20] Ignoring       : /Volumes/BEEMO-SSD/02_WorkFiles/02_ScubboClients/01_Hays/robotron/Finanzmakler/FE-Library/plugin-library/library-plugin/projects/fm-library/src/lib/buttons/button/button.component.spec.ts
[18:48:20] Including      : /Volumes/BEEMO-SSD/02_WorkFiles/02_ScubboClients/01_Hays/robotron/Finanzmakler/FE-Library/plugin-library/library-plugin/projects/fm-library/src/lib/buttons/button/button.component.ts
[18:48:20] Including      : /Volumes/BEEMO-SSD/02_WorkFiles/02_ScubboClients/01_Hays/robotron/Finanzmakler/FE-Library/plugin-library/library-plugin/projects/fm-library/src/lib/buttons/button/button.stories.ts
[18:48:20] Ignoring       : /Volumes/BEEMO-SSD/02_WorkFiles/02_ScubboClients/01_Hays/robotron/Finanzmakler/FE-Library/plugin-library/library-plugin/projects/fm-library/src/lib/buttons/button-group/button-group.component.spec.ts
[18:48:20] Including      : /Volumes/BEEMO-SSD/02_WorkFiles/02_ScubboClients/01_Hays/robotron/Finanzmakler/FE-Library/plugin-library/library-plugin/projects/fm-library/src/lib/buttons/button-group/button-group.component.ts
[18:48:20] Including      : /Volumes/BEEMO-SSD/02_WorkFiles/02_ScubboClients/01_Hays/robotron/Finanzmakler/FE-Library/plugin-library/library-plugin/projects/fm-library/src/lib/buttons/button-group/button-group.stories.ts
[18:48:20] Ignoring       : /Volumes/BEEMO-SSD/02_WorkFiles/02_ScubboClients/01_Hays/robotron/Finanzmakler/FE-Library/plugin-library/library-plugin/projects/fm-library/src/lib/buttons/header-button/header-button.component.spec.ts
[18:48:20] Including      : /Volumes/BEEMO-SSD/02_WorkFiles/02_ScubboClients/01_Hays/robotron/Finanzmakler/FE-Library/plugin-library/library-plugin/projects/fm-library/src/lib/buttons/header-button/header-button.component.ts
[18:48:20] Including      : /Volumes/BEEMO-SSD/02_WorkFiles/02_ScubboClients/01_Hays/robotron/Finanzmakler/FE-Library/plugin-library/library-plugin/projects/fm-library/src/lib/buttons/header-button/header-button.stories.ts
[18:48:20] Ignoring       : /Volumes/BEEMO-SSD/02_WorkFiles/02_ScubboClients/01_Hays/robotron/Finanzmakler/FE-Library/plugin-library/library-plugin/projects/fm-library/src/lib/buttons/info-button/info-button.component.spec.ts
[18:48:20] Including      : /Volumes/BEEMO-SSD/02_WorkFiles/02_ScubboClients/01_Hays/robotron/Finanzmakler/FE-Library/plugin-library/library-plugin/projects/fm-library/src/lib/buttons/info-button/info-button.component.ts
[18:48:20] Including      : /Volumes/BEEMO-SSD/02_WorkFiles/02_ScubboClients/01_Hays/robotron/Finanzmakler/FE-Library/plugin-library/library-plugin/projects/fm-library/src/lib/buttons/info-button/info-button.stories.ts
[18:48:20] Ignoring       : /Volumes/BEEMO-SSD/02_WorkFiles/02_ScubboClients/01_Hays/robotron/Finanzmakler/FE-Library/plugin-library/library-plugin/projects/fm-library/src/lib/buttons/progress-button/progress-button.component.spec.ts
[18:48:20] Including      : /Volumes/BEEMO-SSD/02_WorkFiles/02_ScubboClients/01_Hays/robotron/Finanzmakler/FE-Library/plugin-library/library-plugin/projects/fm-library/src/lib/buttons/progress-button/progress-button.component.ts
[18:48:20] Including      : /Volumes/BEEMO-SSD/02_WorkFiles/02_ScubboClients/01_Hays/robotron/Finanzmakler/FE-Library/plugin-library/library-plugin/projects/fm-library/src/lib/buttons/progress-button/progress-button.stories.ts
[18:48:20] Ignoring       : /Volumes/BEEMO-SSD/02_WorkFiles/02_ScubboClients/01_Hays/robotron/Finanzmakler/FE-Library/plugin-library/library-plugin/projects/fm-library/src/lib/icons/state-icon/state-icon.component.spec.ts
[18:48:20] Including      : /Volumes/BEEMO-SSD/02_WorkFiles/02_ScubboClients/01_Hays/robotron/Finanzmakler/FE-Library/plugin-library/library-plugin/projects/fm-library/src/lib/icons/state-icon/state-icon.component.ts
[18:48:20] Including      : /Volumes/BEEMO-SSD/02_WorkFiles/02_ScubboClients/01_Hays/robotron/Finanzmakler/FE-Library/plugin-library/library-plugin/projects/fm-library/src/lib/icons/state-icon/state-icon.stories.ts
[18:48:20] Ignoring       : /Volumes/BEEMO-SSD/02_WorkFiles/02_ScubboClients/01_Hays/robotron/Finanzmakler/FE-Library/plugin-library/library-plugin/projects/fm-library/src/lib/info/dialog/dialog.component.spec.ts
[18:48:20] Including      : /Volumes/BEEMO-SSD/02_WorkFiles/02_ScubboClients/01_Hays/robotron/Finanzmakler/FE-Library/plugin-library/library-plugin/projects/fm-library/src/lib/info/dialog/dialog.component.ts
[18:48:20] Including      : /Volumes/BEEMO-SSD/02_WorkFiles/02_ScubboClients/01_Hays/robotron/Finanzmakler/FE-Library/plugin-library/library-plugin/projects/fm-library/src/lib/info/dialog/dialog.stories.ts
[18:48:20] Ignoring       : /Volumes/BEEMO-SSD/02_WorkFiles/02_ScubboClients/01_Hays/robotron/Finanzmakler/FE-Library/plugin-library/library-plugin/projects/fm-library/src/lib/info/tooltip/tooltip.component.spec.ts
[18:48:20] Including      : /Volumes/BEEMO-SSD/02_WorkFiles/02_ScubboClients/01_Hays/robotron/Finanzmakler/FE-Library/plugin-library/library-plugin/projects/fm-library/src/lib/info/tooltip/tooltip.component.ts
[18:48:20] Including      : /Volumes/BEEMO-SSD/02_WorkFiles/02_ScubboClients/01_Hays/robotron/Finanzmakler/FE-Library/plugin-library/library-plugin/projects/fm-library/src/lib/info/tooltip/tooltip.stories.ts
[18:48:20] Ignoring       : /Volumes/BEEMO-SSD/02_WorkFiles/02_ScubboClients/01_Hays/robotron/Finanzmakler/FE-Library/plugin-library/library-plugin/projects/fm-library/src/lib/inputs/dropdown/dropdown.component.spec.ts
[18:48:20] Including      : /Volumes/BEEMO-SSD/02_WorkFiles/02_ScubboClients/01_Hays/robotron/Finanzmakler/FE-Library/plugin-library/library-plugin/projects/fm-library/src/lib/inputs/dropdown/dropdown.component.ts
[18:48:20] Including      : /Volumes/BEEMO-SSD/02_WorkFiles/02_ScubboClients/01_Hays/robotron/Finanzmakler/FE-Library/plugin-library/library-plugin/projects/fm-library/src/lib/inputs/dropdown/dropdown.stories.ts
[18:48:20] Ignoring       : /Volumes/BEEMO-SSD/02_WorkFiles/02_ScubboClients/01_Hays/robotron/Finanzmakler/FE-Library/plugin-library/library-plugin/projects/fm-library/src/lib/inputs/input/input.component.spec.ts
[18:48:20] Including      : /Volumes/BEEMO-SSD/02_WorkFiles/02_ScubboClients/01_Hays/robotron/Finanzmakler/FE-Library/plugin-library/library-plugin/projects/fm-library/src/lib/inputs/input/input.component.ts
[18:48:20] Including      : /Volumes/BEEMO-SSD/02_WorkFiles/02_ScubboClients/01_Hays/robotron/Finanzmakler/FE-Library/plugin-library/library-plugin/projects/fm-library/src/lib/inputs/input/input.stories.ts
[18:48:20] Ignoring       : /Volumes/BEEMO-SSD/02_WorkFiles/02_ScubboClients/01_Hays/robotron/Finanzmakler/FE-Library/plugin-library/library-plugin/projects/fm-library/src/lib/inputs/input-button/input-button.component.spec.ts
[18:48:20] Including      : /Volumes/BEEMO-SSD/02_WorkFiles/02_ScubboClients/01_Hays/robotron/Finanzmakler/FE-Library/plugin-library/library-plugin/projects/fm-library/src/lib/inputs/input-button/input-button.component.ts
[18:48:20] Including      : /Volumes/BEEMO-SSD/02_WorkFiles/02_ScubboClients/01_Hays/robotron/Finanzmakler/FE-Library/plugin-library/library-plugin/projects/fm-library/src/lib/inputs/input-button/input-button.stories.ts
[18:48:20] Ignoring       : /Volumes/BEEMO-SSD/02_WorkFiles/02_ScubboClients/01_Hays/robotron/Finanzmakler/FE-Library/plugin-library/library-plugin/projects/fm-library/src/lib/inputs/input-date/input-date.component.spec.ts
[18:48:20] Including      : /Volumes/BEEMO-SSD/02_WorkFiles/02_ScubboClients/01_Hays/robotron/Finanzmakler/FE-Library/plugin-library/library-plugin/projects/fm-library/src/lib/inputs/input-date/input-date.component.ts
[18:48:20] Including      : /Volumes/BEEMO-SSD/02_WorkFiles/02_ScubboClients/01_Hays/robotron/Finanzmakler/FE-Library/plugin-library/library-plugin/projects/fm-library/src/lib/inputs/input-date/input-date.stories.ts
[18:48:20] Ignoring       : /Volumes/BEEMO-SSD/02_WorkFiles/02_ScubboClients/01_Hays/robotron/Finanzmakler/FE-Library/plugin-library/library-plugin/projects/fm-library/src/lib/inputs/text-area/text-area.component.spec.ts
[18:48:20] Including      : /Volumes/BEEMO-SSD/02_WorkFiles/02_ScubboClients/01_Hays/robotron/Finanzmakler/FE-Library/plugin-library/library-plugin/projects/fm-library/src/lib/inputs/text-area/text-area.component.ts
[18:48:20] Including      : /Volumes/BEEMO-SSD/02_WorkFiles/02_ScubboClients/01_Hays/robotron/Finanzmakler/FE-Library/plugin-library/library-plugin/projects/fm-library/src/lib/inputs/text-area/text-area.stories.ts
[18:48:20] Ignoring       : /Volumes/BEEMO-SSD/02_WorkFiles/02_ScubboClients/01_Hays/robotron/Finanzmakler/FE-Library/plugin-library/library-plugin/projects/fm-library/src/lib/text/header-text/header-text.component.spec.ts
[18:48:20] Including      : /Volumes/BEEMO-SSD/02_WorkFiles/02_ScubboClients/01_Hays/robotron/Finanzmakler/FE-Library/plugin-library/library-plugin/projects/fm-library/src/lib/text/header-text/header-text.component.ts
[18:48:20] Including      : /Volumes/BEEMO-SSD/02_WorkFiles/02_ScubboClients/01_Hays/robotron/Finanzmakler/FE-Library/plugin-library/library-plugin/projects/fm-library/src/lib/text/header-text/header-text.stories.ts
[18:48:20] Ignoring       : /Volumes/BEEMO-SSD/02_WorkFiles/02_ScubboClients/01_Hays/robotron/Finanzmakler/FE-Library/plugin-library/library-plugin/projects/fm-library/src/lib/text/tile-text/tile-text.component.spec.ts
[18:48:20] Including      : /Volumes/BEEMO-SSD/02_WorkFiles/02_ScubboClients/01_Hays/robotron/Finanzmakler/FE-Library/plugin-library/library-plugin/projects/fm-library/src/lib/text/tile-text/tile-text.component.ts
[18:48:20] Including      : /Volumes/BEEMO-SSD/02_WorkFiles/02_ScubboClients/01_Hays/robotron/Finanzmakler/FE-Library/plugin-library/library-plugin/projects/fm-library/src/lib/text/tile-text/tile-text.stories.ts
[18:48:20] Ignoring       : /Volumes/BEEMO-SSD/02_WorkFiles/02_ScubboClients/01_Hays/robotron/Finanzmakler/FE-Library/plugin-library/library-plugin/projects/fm-library/src/lib/tiles/tile/tile.component.spec.ts
[18:48:20] Including      : /Volumes/BEEMO-SSD/02_WorkFiles/02_ScubboClients/01_Hays/robotron/Finanzmakler/FE-Library/plugin-library/library-plugin/projects/fm-library/src/lib/tiles/tile/tile.component.ts
[18:48:20] Ignoring       : /Volumes/BEEMO-SSD/02_WorkFiles/02_ScubboClients/01_Hays/robotron/Finanzmakler/FE-Library/plugin-library/library-plugin/projects/fm-library/src/lib/tiles/tile-checkbox/tile-checkbox.component.spec.ts
[18:48:20] Including      : /Volumes/BEEMO-SSD/02_WorkFiles/02_ScubboClients/01_Hays/robotron/Finanzmakler/FE-Library/plugin-library/library-plugin/projects/fm-library/src/lib/tiles/tile-checkbox/tile-checkbox.component.ts
[18:48:20] Including      : /Volumes/BEEMO-SSD/02_WorkFiles/02_ScubboClients/01_Hays/robotron/Finanzmakler/FE-Library/plugin-library/library-plugin/projects/fm-library/src/lib/tiles/tile-checkbox/tile-checkbox.stories.ts
[18:48:20] Ignoring       : /Volumes/BEEMO-SSD/02_WorkFiles/02_ScubboClients/01_Hays/robotron/Finanzmakler/FE-Library/plugin-library/library-plugin/projects/fm-library/src/lib/tiles/tile-checkbox-group/tile-checkbox-group.component.spec.ts
[18:48:20] Including      : /Volumes/BEEMO-SSD/02_WorkFiles/02_ScubboClients/01_Hays/robotron/Finanzmakler/FE-Library/plugin-library/library-plugin/projects/fm-library/src/lib/tiles/tile-checkbox-group/tile-checkbox-group.component.ts
[18:48:20] Including      : /Volumes/BEEMO-SSD/02_WorkFiles/02_ScubboClients/01_Hays/robotron/Finanzmakler/FE-Library/plugin-library/library-plugin/projects/fm-library/src/lib/tiles/tile-checkbox-group/tile-checkbox-group.stories.ts
[18:48:20] Ignoring       : /Volumes/BEEMO-SSD/02_WorkFiles/02_ScubboClients/01_Hays/robotron/Finanzmakler/FE-Library/plugin-library/library-plugin/projects/fm-library/src/lib/tiles/tile-group/tile-group.component.spec.ts
[18:48:20] Including      : /Volumes/BEEMO-SSD/02_WorkFiles/02_ScubboClients/01_Hays/robotron/Finanzmakler/FE-Library/plugin-library/library-plugin/projects/fm-library/src/lib/tiles/tile-group/tile-group.component.ts
[18:48:20] Including      : /Volumes/BEEMO-SSD/02_WorkFiles/02_ScubboClients/01_Hays/robotron/Finanzmakler/FE-Library/plugin-library/library-plugin/projects/fm-library/src/lib/tiles/tile-group/tile-group.stories.ts
[18:48:20] Ignoring       : /Volumes/BEEMO-SSD/02_WorkFiles/02_ScubboClients/01_Hays/robotron/Finanzmakler/FE-Library/plugin-library/library-plugin/projects/fm-library/src/lib/tiles/tile-rating/tile-rating.component.spec.ts
[18:48:20] Including      : /Volumes/BEEMO-SSD/02_WorkFiles/02_ScubboClients/01_Hays/robotron/Finanzmakler/FE-Library/plugin-library/library-plugin/projects/fm-library/src/lib/tiles/tile-rating/tile-rating.component.ts
[18:48:20] Including      : /Volumes/BEEMO-SSD/02_WorkFiles/02_ScubboClients/01_Hays/robotron/Finanzmakler/FE-Library/plugin-library/library-plugin/projects/fm-library/src/lib/tiles/tile-rating/tile-rating.stories.ts
[18:48:20] Ignoring       : /Volumes/BEEMO-SSD/02_WorkFiles/02_ScubboClients/01_Hays/robotron/Finanzmakler/FE-Library/plugin-library/library-plugin/projects/fm-library/src/lib/toggle/toggle/toggle.component.spec.ts
[18:48:20] Including      : /Volumes/BEEMO-SSD/02_WorkFiles/02_ScubboClients/01_Hays/robotron/Finanzmakler/FE-Library/plugin-library/library-plugin/projects/fm-library/src/lib/toggle/toggle/toggle.component.ts
[18:48:20] Including      : /Volumes/BEEMO-SSD/02_WorkFiles/02_ScubboClients/01_Hays/robotron/Finanzmakler/FE-Library/plugin-library/library-plugin/projects/fm-library/src/lib/toggle/toggle/toggle.stories.ts
[18:48:20] Ignoring       : /Volumes/BEEMO-SSD/02_WorkFiles/02_ScubboClients/01_Hays/robotron/Finanzmakler/FE-Library/plugin-library/library-plugin/projects/fm-library/src/lib/toggle/toggle-checkbox/toggle-checkbox.component.spec.ts
[18:48:20] Including      : /Volumes/BEEMO-SSD/02_WorkFiles/02_ScubboClients/01_Hays/robotron/Finanzmakler/FE-Library/plugin-library/library-plugin/projects/fm-library/src/lib/toggle/toggle-checkbox/toggle-checkbox.component.ts
[18:48:20] Including      : /Volumes/BEEMO-SSD/02_WorkFiles/02_ScubboClients/01_Hays/robotron/Finanzmakler/FE-Library/plugin-library/library-plugin/projects/fm-library/src/lib/toggle/toggle-checkbox/toggle-checkbox.stories.ts
[18:48:20] Ignoring       : /Volumes/BEEMO-SSD/02_WorkFiles/02_ScubboClients/01_Hays/robotron/Finanzmakler/FE-Library/plugin-library/library-plugin/projects/fm-library/src/lib/toggle/toggle-horizontal/toggle-horizontal.component.spec.ts
[18:48:20] Including      : /Volumes/BEEMO-SSD/02_WorkFiles/02_ScubboClients/01_Hays/robotron/Finanzmakler/FE-Library/plugin-library/library-plugin/projects/fm-library/src/lib/toggle/toggle-horizontal/toggle-horizontal.component.ts
[18:48:20] Including      : /Volumes/BEEMO-SSD/02_WorkFiles/02_ScubboClients/01_Hays/robotron/Finanzmakler/FE-Library/plugin-library/library-plugin/projects/fm-library/src/lib/toggle/toggle-horizontal/toggle-horizontal.stories.ts
[18:48:20] Ignoring       : /Volumes/BEEMO-SSD/02_WorkFiles/02_ScubboClients/01_Hays/robotron/Finanzmakler/FE-Library/plugin-library/library-plugin/projects/fm-library/src/lib/toggle/toggle-tristate/toggle-tristate.component.spec.ts
[18:48:20] Including      : /Volumes/BEEMO-SSD/02_WorkFiles/02_ScubboClients/01_Hays/robotron/Finanzmakler/FE-Library/plugin-library/library-plugin/projects/fm-library/src/lib/toggle/toggle-tristate/toggle-tristate.component.ts
[18:48:20] Including      : /Volumes/BEEMO-SSD/02_WorkFiles/02_ScubboClients/01_Hays/robotron/Finanzmakler/FE-Library/plugin-library/library-plugin/projects/fm-library/src/lib/toggle/toggle-tristate/toggle-tristate.stories.ts
[18:48:20] Ignoring       : /Volumes/BEEMO-SSD/02_WorkFiles/02_ScubboClients/01_Hays/robotron/Finanzmakler/FE-Library/plugin-library/library-plugin/projects/fm-library/src/lib/toggle/toggle-vertical/toggle-vertical.component.spec.ts
[18:48:20] Including      : /Volumes/BEEMO-SSD/02_WorkFiles/02_ScubboClients/01_Hays/robotron/Finanzmakler/FE-Library/plugin-library/library-plugin/projects/fm-library/src/lib/toggle/toggle-vertical/toggle-vertical.component.ts
[18:48:20] Including      : /Volumes/BEEMO-SSD/02_WorkFiles/02_ScubboClients/01_Hays/robotron/Finanzmakler/FE-Library/plugin-library/library-plugin/projects/fm-library/src/lib/toggle/toggle-vertical/toggle-vertical.stories.ts
[18:48:20] Searching package.json file
[18:48:20] package.json file found
[18:48:20] Processing package.json dependencies
[18:48:20] Searching README.md, CHANGELOG.md, CONTRIBUTING.md, LICENSE.md, TODO.md files
[18:48:20] README.md file found
[18:48:20] Error during /Volumes/BEEMO-SSD/02_WorkFiles/02_ScubboClients/01_Hays/robotron/Finanzmakler/FE-Library/plugin-library/library-plugin/CHANGELOG read
[18:48:20] Continuing without CHANGELOG.md file
[18:48:20] Error during /Volumes/BEEMO-SSD/02_WorkFiles/02_ScubboClients/01_Hays/robotron/Finanzmakler/FE-Library/plugin-library/library-plugin/CONTRIBUTING read
[18:48:20] Continuing without CONTRIBUTING.md file
[18:48:20] Error during /Volumes/BEEMO-SSD/02_WorkFiles/02_ScubboClients/01_Hays/robotron/Finanzmakler/FE-Library/plugin-library/library-plugin/LICENSE read
[18:48:20] Continuing without LICENSE.md file
[18:48:20] Error during /Volumes/BEEMO-SSD/02_WorkFiles/02_ScubboClients/01_Hays/robotron/Finanzmakler/FE-Library/plugin-library/library-plugin/TODO read
[18:48:20] Continuing without TODO.md file
[18:48:20] Get dependencies data
[18:48:21] parsing        : /Volumes/BEEMO-SSD/02_WorkFiles/02_ScubboClients/01_Hays/robotron/Finanzmakler/FE-Library/plugin-library/library-plugin/projects/fm-library/.storybook/preview.ts
[18:48:21] found          : preview
[18:48:21] parsing        : /Volumes/BEEMO-SSD/02_WorkFiles/02_ScubboClients/01_Hays/robotron/Finanzmakler/FE-Library/plugin-library/library-plugin/projects/fm-library/src/public-api.ts
[18:48:21] parsing        : /Volumes/BEEMO-SSD/02_WorkFiles/02_ScubboClients/01_Hays/robotron/Finanzmakler/FE-Library/plugin-library/library-plugin/projects/fm-library/src/lib/fm-library.module.ts
[18:48:21] found          : HttpLoaderFactory
[18:48:21] found          : FmLibraryModule
[18:48:21]                : - imports:
[18:48:21]                : 	- CommonModule
[18:48:21]                : 	- FontAwesomeModule
[18:48:21]                : 	- MatSelectModule
[18:48:21]                : 	- MatFormFieldModule
[18:48:21]                : 	- MatDatepickerModule
[18:48:21]                : 	- MatInputModule
[18:48:21]                : 	- MatNativeDateModule
[18:48:21]                : 	- NgbTooltipModule
[18:48:21]                : 	- FormsModule
[18:48:21]                : 	- ReactiveFormsModule
[18:48:21]                : 	- StarRatingModule
[18:48:21]                : 	- AngularSvgIconModule
[18:48:21]                : 	- TranslateModule
[18:48:21]                : - exports:
[18:48:21]                : 	- ButtonComponent
[18:48:21]                : 	- ButtonGroupComponent
[18:48:21]                : 	- InfoButtonComponent
[18:48:21]                : 	- CounterComponent
[18:48:21]                : 	- DropdownComponent
[18:48:21]                : 	- InputComponent
[18:48:21]                : 	- InputButtonComponent
[18:48:21]                : 	- InputDateComponent
[18:48:21]                : 	- TileComponent
[18:48:21]                : 	- TileCheckboxComponent
[18:48:21]                : 	- TileCheckboxGroupComponent
[18:48:21]                : 	- TileGroupComponent
[18:48:21]                : 	- TileRatingComponent
[18:48:21]                : 	- ToggleComponent
[18:48:21]                : 	- ToggleVerticalComponent
[18:48:21]                : 	- ToggleHorizontalComponent
[18:48:21]                : 	- ToggleCheckboxComponent
[18:48:21]                : 	- ToggleTristateComponent
[18:48:21]                : 	- TileTextComponent
[18:48:21]                : 	- HeaderTextComponent
[18:48:21]                : 	- HeaderButtonComponent
[18:48:21]                : 	- ProgressButtonComponent
[18:48:21]                : 	- StateIconComponent
[18:48:21]                : 	- TooltipComponent
[18:48:21]                : 	- TextAreaComponent
[18:48:21]                : 	- DialogComponent
[18:48:21]                : - declarations:
[18:48:21]                : 	- ButtonComponent
[18:48:21]                : 	- ButtonGroupComponent
[18:48:21]                : 	- InfoButtonComponent
[18:48:21]                : 	- CounterComponent
[18:48:21]                : 	- DropdownComponent
[18:48:21]                : 	- InputComponent
[18:48:21]                : 	- InputButtonComponent
[18:48:21]                : 	- InputDateComponent
[18:48:21]                : 	- TileComponent
[18:48:21]                : 	- TileCheckboxComponent
[18:48:21]                : 	- TileCheckboxGroupComponent
[18:48:21]                : 	- TileGroupComponent
[18:48:21]                : 	- TileRatingComponent
[18:48:21]                : 	- ToggleComponent
[18:48:21]                : 	- ToggleVerticalComponent
[18:48:21]                : 	- ToggleCheckboxComponent
[18:48:21]                : 	- ToggleTristateComponent
[18:48:21]                : 	- TileTextComponent
[18:48:21]                : 	- HeaderTextComponent
[18:48:21]                : 	- HeaderButtonComponent
[18:48:21]                : 	- ProgressButtonComponent
[18:48:21]                : 	- StateIconComponent
[18:48:21]                : 	- TooltipComponent
[18:48:21]                : 	- ToggleHorizontalComponent
[18:48:21]                : 	- TextAreaComponent
[18:48:21]                : 	- DialogComponent
[18:48:21] parsing        : /Volumes/BEEMO-SSD/02_WorkFiles/02_ScubboClients/01_Hays/robotron/Finanzmakler/FE-Library/plugin-library/library-plugin/projects/fm-library/src/stories/User.ts
[18:48:21] found          : User
[18:48:21] parsing        : /Volumes/BEEMO-SSD/02_WorkFiles/02_ScubboClients/01_Hays/robotron/Finanzmakler/FE-Library/plugin-library/library-plugin/projects/fm-library/src/lib/counter/counter.component.ts
[18:48:21] found          : CounterComponent
[18:48:21] parsing        : /Volumes/BEEMO-SSD/02_WorkFiles/02_ScubboClients/01_Hays/robotron/Finanzmakler/FE-Library/plugin-library/library-plugin/projects/fm-library/src/lib/counter/counter.stories.ts
[18:48:21] found          : Story
[18:48:21] found          : Default
[18:48:21] found          : Dark
[18:48:21] parsing        : /Volumes/BEEMO-SSD/02_WorkFiles/02_ScubboClients/01_Hays/robotron/Finanzmakler/FE-Library/plugin-library/library-plugin/projects/fm-library/src/lib/services/helper.service.ts
[18:48:21] found          : HelperService
[18:48:21] parsing        : /Volumes/BEEMO-SSD/02_WorkFiles/02_ScubboClients/01_Hays/robotron/Finanzmakler/FE-Library/plugin-library/library-plugin/projects/fm-library/src/lib/buttons/button/button.component.ts
[18:48:21] found          : ButtonComponent
[18:48:21] parsing        : /Volumes/BEEMO-SSD/02_WorkFiles/02_ScubboClients/01_Hays/robotron/Finanzmakler/FE-Library/plugin-library/library-plugin/projects/fm-library/src/lib/buttons/button/button.stories.ts
[18:48:21] found          : HttpLoaderFactory
[18:48:21] found          : Story
[18:48:21] found          : Default
[18:48:21] found          : DefaultDark
[18:48:21] found          : Disabled
[18:48:21] found          : DisabledDark
[18:48:21] found          : Icon
[18:48:21] found          : IconDark
[18:48:21] found          : IconLeft
[18:48:21] found          : IconLeftDark
[18:48:21] found          : IconRight
[18:48:21] found          : IconRightDark
[18:48:21] found          : customWidth
[18:48:21] parsing        : /Volumes/BEEMO-SSD/02_WorkFiles/02_ScubboClients/01_Hays/robotron/Finanzmakler/FE-Library/plugin-library/library-plugin/projects/fm-library/src/lib/buttons/button-group/button-group.component.ts
[18:48:21] found          : ButtonGroupComponent
[18:48:21] parsing        : /Volumes/BEEMO-SSD/02_WorkFiles/02_ScubboClients/01_Hays/robotron/Finanzmakler/FE-Library/plugin-library/library-plugin/projects/fm-library/src/lib/buttons/button-group/button-group.stories.ts
[18:48:21] found          : HttpLoaderFactory
[18:48:21] found          : Story
[18:48:21] found          : testButtons
[18:48:21] found          : testButtonsCustomWidth
[18:48:21] found          : Default
[18:48:21] found          : DefaultDark
[18:48:21] found          : withCustomWidth
[18:48:21] parsing        : /Volumes/BEEMO-SSD/02_WorkFiles/02_ScubboClients/01_Hays/robotron/Finanzmakler/FE-Library/plugin-library/library-plugin/projects/fm-library/src/lib/buttons/header-button/header-button.component.ts
[18:48:21] found          : HeaderButtonComponent
[18:48:21] parsing        : /Volumes/BEEMO-SSD/02_WorkFiles/02_ScubboClients/01_Hays/robotron/Finanzmakler/FE-Library/plugin-library/library-plugin/projects/fm-library/src/lib/buttons/header-button/header-button.stories.ts
[18:48:21] found          : HttpLoaderFactory
[18:48:21] found          : Story
[18:48:21] found          : Default
[18:48:21] found          : Disabled
[18:48:21] found          : Inactive
[18:48:21] found          : Active
[18:48:21] found          : Icon
[18:48:21] parsing        : /Volumes/BEEMO-SSD/02_WorkFiles/02_ScubboClients/01_Hays/robotron/Finanzmakler/FE-Library/plugin-library/library-plugin/projects/fm-library/src/lib/buttons/info-button/info-button.component.ts
[18:48:21] found          : InfoButtonComponent
[18:48:21] parsing        : /Volumes/BEEMO-SSD/02_WorkFiles/02_ScubboClients/01_Hays/robotron/Finanzmakler/FE-Library/plugin-library/library-plugin/projects/fm-library/src/lib/buttons/info-button/info-button.stories.ts
[18:48:21] found          : Story
[18:48:21] found          : Default
[18:48:21] found          : DefaultDark
[18:48:21] parsing        : /Volumes/BEEMO-SSD/02_WorkFiles/02_ScubboClients/01_Hays/robotron/Finanzmakler/FE-Library/plugin-library/library-plugin/projects/fm-library/src/lib/buttons/progress-button/progress-button.component.ts
[18:48:21] found          : ProgressButtonComponent
[18:48:21] parsing        : /Volumes/BEEMO-SSD/02_WorkFiles/02_ScubboClients/01_Hays/robotron/Finanzmakler/FE-Library/plugin-library/library-plugin/projects/fm-library/src/lib/buttons/progress-button/progress-button.stories.ts
[18:48:21] found          : Story
[18:48:21] found          : Default
[18:48:21] found          : Dashboard
[18:48:21] found          : Ende
[18:48:21] found          : Disabled
[18:48:21] parsing        : /Volumes/BEEMO-SSD/02_WorkFiles/02_ScubboClients/01_Hays/robotron/Finanzmakler/FE-Library/plugin-library/library-plugin/projects/fm-library/src/lib/icons/state-icon/state-icon.component.ts
[18:48:21] found          : StateIconComponent
[18:48:21] parsing        : /Volumes/BEEMO-SSD/02_WorkFiles/02_ScubboClients/01_Hays/robotron/Finanzmakler/FE-Library/plugin-library/library-plugin/projects/fm-library/src/lib/icons/state-icon/state-icon.stories.ts
[18:48:21] found          : Story
[18:48:21] found          : Success
[18:48:21] found          : Warning
[18:48:21] found          : Error
[18:48:21] found          : Optional
[18:48:21] parsing        : /Volumes/BEEMO-SSD/02_WorkFiles/02_ScubboClients/01_Hays/robotron/Finanzmakler/FE-Library/plugin-library/library-plugin/projects/fm-library/src/lib/info/dialog/dialog.component.ts
[18:48:21] found          : DialogComponent
[18:48:21] parsing        : /Volumes/BEEMO-SSD/02_WorkFiles/02_ScubboClients/01_Hays/robotron/Finanzmakler/FE-Library/plugin-library/library-plugin/projects/fm-library/src/lib/info/dialog/dialog.stories.ts
[18:48:21] found          : HttpLoaderFactory
[18:48:21] found          : Story
[18:48:21] found          : Default
[18:48:21] found          : DefaultDark
[18:48:21] parsing        : /Volumes/BEEMO-SSD/02_WorkFiles/02_ScubboClients/01_Hays/robotron/Finanzmakler/FE-Library/plugin-library/library-plugin/projects/fm-library/src/lib/info/tooltip/tooltip.component.ts
[18:48:21] found          : TooltipComponent
[18:48:21] parsing        : /Volumes/BEEMO-SSD/02_WorkFiles/02_ScubboClients/01_Hays/robotron/Finanzmakler/FE-Library/plugin-library/library-plugin/projects/fm-library/src/lib/info/tooltip/tooltip.stories.ts
[18:48:21] found          : HttpLoaderFactory
[18:48:21] found          : Story
[18:48:21] found          : Default
[18:48:21] found          : DefaultDark
[18:48:21] parsing        : /Volumes/BEEMO-SSD/02_WorkFiles/02_ScubboClients/01_Hays/robotron/Finanzmakler/FE-Library/plugin-library/library-plugin/projects/fm-library/src/lib/inputs/dropdown/dropdown.component.ts
[18:48:21] found          : DropdownComponent
[18:48:21] parsing        : /Volumes/BEEMO-SSD/02_WorkFiles/02_ScubboClients/01_Hays/robotron/Finanzmakler/FE-Library/plugin-library/library-plugin/projects/fm-library/src/lib/inputs/dropdown/dropdown.stories.ts
[18:48:21] found          : HttpLoaderFactory
[18:48:21] found          : Story
[18:48:21] found          : testItems
[18:48:21] found          : placeholderTest
[18:48:21] found          : Default
[18:48:21] found          : DefaultDark
[18:48:21] found          : WithInfo
[18:48:21] found          : WithInfoDark
[18:48:21] parsing        : /Volumes/BEEMO-SSD/02_WorkFiles/02_ScubboClients/01_Hays/robotron/Finanzmakler/FE-Library/plugin-library/library-plugin/projects/fm-library/src/lib/inputs/input/input.component.ts
[18:48:21] found          : InputComponent
[18:48:21] parsing        : /Volumes/BEEMO-SSD/02_WorkFiles/02_ScubboClients/01_Hays/robotron/Finanzmakler/FE-Library/plugin-library/library-plugin/projects/fm-library/src/lib/inputs/input/input.stories.ts
[18:48:21] found          : Story
[18:48:21] found          : Default
[18:48:21] found          : DefaultDark
[18:48:21] found          : withInfo
[18:48:21] found          : withInfoDark
[18:48:21] found          : error
[18:48:21] found          : errorDark
[18:48:21] found          : success
[18:48:21] found          : successDark
[18:48:21] found          : currency
[18:48:21] found          : disabled
[18:48:21] parsing        : /Volumes/BEEMO-SSD/02_WorkFiles/02_ScubboClients/01_Hays/robotron/Finanzmakler/FE-Library/plugin-library/library-plugin/projects/fm-library/src/lib/inputs/input-button/input-button.component.ts
[18:48:21] found          : InputButtonComponent
[18:48:21] parsing        : /Volumes/BEEMO-SSD/02_WorkFiles/02_ScubboClients/01_Hays/robotron/Finanzmakler/FE-Library/plugin-library/library-plugin/projects/fm-library/src/lib/inputs/input-button/input-button.stories.ts
[18:48:21] found          : Story
[18:48:21] found          : Default
[18:48:21] found          : DefaultDark
[18:48:21] found          : withInfo
[18:48:21] found          : withInfoDark
[18:48:21] found          : warning
[18:48:21] found          : warningDark
[18:48:21] found          : error
[18:48:21] found          : short
[18:48:21] found          : shortDark
[18:48:21] found          : noValue
[18:48:21] found          : disabled
[18:48:21] parsing        : /Volumes/BEEMO-SSD/02_WorkFiles/02_ScubboClients/01_Hays/robotron/Finanzmakler/FE-Library/plugin-library/library-plugin/projects/fm-library/src/lib/inputs/input-date/input-date.component.ts
[18:48:21] found          : InputDateComponent
[18:48:21] parsing        : /Volumes/BEEMO-SSD/02_WorkFiles/02_ScubboClients/01_Hays/robotron/Finanzmakler/FE-Library/plugin-library/library-plugin/projects/fm-library/src/lib/inputs/input-date/input-date.stories.ts
[18:48:21] found          : Story
[18:48:21] found          : Default
[18:48:21] found          : DefaultDark
[18:48:21] found          : WithInfo
[18:48:21] found          : WithInfoDark
[18:48:21] found          : WithMaxDate
[18:48:21] found          : WithSelectedDate
[18:48:21] found          : error
[18:48:21] found          : errorDark
[18:48:21] parsing        : /Volumes/BEEMO-SSD/02_WorkFiles/02_ScubboClients/01_Hays/robotron/Finanzmakler/FE-Library/plugin-library/library-plugin/projects/fm-library/src/lib/inputs/text-area/text-area.component.ts
[18:48:21] found          : TextAreaComponent
[18:48:21] parsing        : /Volumes/BEEMO-SSD/02_WorkFiles/02_ScubboClients/01_Hays/robotron/Finanzmakler/FE-Library/plugin-library/library-plugin/projects/fm-library/src/lib/inputs/text-area/text-area.stories.ts
[18:48:21] found          : Story
[18:48:21] found          : Default
[18:48:21] found          : DefaultDark
[18:48:21] found          : withInfo
[18:48:21] found          : withInfoDark
[18:48:21] found          : disabled
[18:48:21] found          : multipleRows
[18:48:21] found          : multipleRowsTouched
[18:48:21] parsing        : /Volumes/BEEMO-SSD/02_WorkFiles/02_ScubboClients/01_Hays/robotron/Finanzmakler/FE-Library/plugin-library/library-plugin/projects/fm-library/src/lib/text/header-text/header-text.component.ts
[18:48:21] found          : HeaderTextComponent
[18:48:21] parsing        : /Volumes/BEEMO-SSD/02_WorkFiles/02_ScubboClients/01_Hays/robotron/Finanzmakler/FE-Library/plugin-library/library-plugin/projects/fm-library/src/lib/text/header-text/header-text.stories.ts
[18:48:21] found          : Story
[18:48:21] found          : Default
[18:48:21] found          : Dark
[18:48:21] found          : WithInfo
[18:48:21] found          : WithInfoDark
[18:48:21] parsing        : /Volumes/BEEMO-SSD/02_WorkFiles/02_ScubboClients/01_Hays/robotron/Finanzmakler/FE-Library/plugin-library/library-plugin/projects/fm-library/src/lib/text/tile-text/tile-text.component.ts
[18:48:21] found          : TileTextComponent
[18:48:21] parsing        : /Volumes/BEEMO-SSD/02_WorkFiles/02_ScubboClients/01_Hays/robotron/Finanzmakler/FE-Library/plugin-library/library-plugin/projects/fm-library/src/lib/text/tile-text/tile-text.stories.ts
[18:48:21] found          : Story
[18:48:21] found          : Default
[18:48:21] found          : Dark
[18:48:21] found          : WithInfo
[18:48:21] found          : WithInfoDark
[18:48:21] parsing        : /Volumes/BEEMO-SSD/02_WorkFiles/02_ScubboClients/01_Hays/robotron/Finanzmakler/FE-Library/plugin-library/library-plugin/projects/fm-library/src/lib/tiles/tile/tile.component.ts
[18:48:21] found          : TileComponent
[18:48:21] parsing        : /Volumes/BEEMO-SSD/02_WorkFiles/02_ScubboClients/01_Hays/robotron/Finanzmakler/FE-Library/plugin-library/library-plugin/projects/fm-library/src/lib/tiles/tile-checkbox/tile-checkbox.component.ts
[18:48:21] found          : TileCheckboxComponent
[18:48:21] parsing        : /Volumes/BEEMO-SSD/02_WorkFiles/02_ScubboClients/01_Hays/robotron/Finanzmakler/FE-Library/plugin-library/library-plugin/projects/fm-library/src/lib/tiles/tile-checkbox/tile-checkbox.stories.ts
[18:48:21] found          : HttpLoaderFactory
[18:48:21] found          : Story
[18:48:21] found          : Default
[18:48:21] parsing        : /Volumes/BEEMO-SSD/02_WorkFiles/02_ScubboClients/01_Hays/robotron/Finanzmakler/FE-Library/plugin-library/library-plugin/projects/fm-library/src/lib/tiles/tile-checkbox-group/tile-checkbox-group.component.ts
[18:48:21] found          : TileCheckboxGroupComponent
[18:48:21] parsing        : /Volumes/BEEMO-SSD/02_WorkFiles/02_ScubboClients/01_Hays/robotron/Finanzmakler/FE-Library/plugin-library/library-plugin/projects/fm-library/src/lib/tiles/tile-checkbox-group/tile-checkbox-group.stories.ts
[18:48:21] found          : HttpLoaderFactory
[18:48:21] found          : Story
[18:48:21] found          : testTiles
[18:48:21] found          : Default
[18:48:21] parsing        : /Volumes/BEEMO-SSD/02_WorkFiles/02_ScubboClients/01_Hays/robotron/Finanzmakler/FE-Library/plugin-library/library-plugin/projects/fm-library/src/lib/tiles/tile-group/tile-group.component.ts
[18:48:21] found          : TileGroupComponent
[18:48:21] parsing        : /Volumes/BEEMO-SSD/02_WorkFiles/02_ScubboClients/01_Hays/robotron/Finanzmakler/FE-Library/plugin-library/library-plugin/projects/fm-library/src/lib/tiles/tile-group/tile-group.stories.ts
[18:48:21] found          : HttpLoaderFactory
[18:48:21] found          : Story
[18:48:21] found          : testTiles
[18:48:21] found          : testTilesDark
[18:48:21] found          : testTilesEP
[18:48:21] found          : Default
[18:48:21] found          : Dark
[18:48:21] found          : WithEPLogo
[18:48:21] parsing        : /Volumes/BEEMO-SSD/02_WorkFiles/02_ScubboClients/01_Hays/robotron/Finanzmakler/FE-Library/plugin-library/library-plugin/projects/fm-library/src/lib/tiles/tile-rating/tile-rating.component.ts
[18:48:21] found          : TileRatingComponent
[18:48:21] parsing        : /Volumes/BEEMO-SSD/02_WorkFiles/02_ScubboClients/01_Hays/robotron/Finanzmakler/FE-Library/plugin-library/library-plugin/projects/fm-library/src/lib/tiles/tile-rating/tile-rating.stories.ts
[18:48:21] found          : HttpLoaderFactory
[18:48:21] found          : Story
[18:48:21] found          : Default4Stars
[18:48:21] found          : Default5Stars
[18:48:21] parsing        : /Volumes/BEEMO-SSD/02_WorkFiles/02_ScubboClients/01_Hays/robotron/Finanzmakler/FE-Library/plugin-library/library-plugin/projects/fm-library/src/lib/toggle/toggle/toggle.component.ts
[18:48:21] found          : ToggleComponent
[18:48:21] parsing        : /Volumes/BEEMO-SSD/02_WorkFiles/02_ScubboClients/01_Hays/robotron/Finanzmakler/FE-Library/plugin-library/library-plugin/projects/fm-library/src/lib/toggle/toggle/toggle.stories.ts
[18:48:21] found          : Story
[18:48:21] found          : Default
[18:48:21] found          : Dark
[18:48:21] found          : Disabled
[18:48:21] parsing        : /Volumes/BEEMO-SSD/02_WorkFiles/02_ScubboClients/01_Hays/robotron/Finanzmakler/FE-Library/plugin-library/library-plugin/projects/fm-library/src/lib/toggle/toggle-checkbox/toggle-checkbox.component.ts
[18:48:21] found          : ToggleCheckboxComponent
[18:48:21] parsing        : /Volumes/BEEMO-SSD/02_WorkFiles/02_ScubboClients/01_Hays/robotron/Finanzmakler/FE-Library/plugin-library/library-plugin/projects/fm-library/src/lib/toggle/toggle-checkbox/toggle-checkbox.stories.ts
[18:48:21] found          : Story
[18:48:21] found          : Default
[18:48:21] found          : Dark
[18:48:21] parsing        : /Volumes/BEEMO-SSD/02_WorkFiles/02_ScubboClients/01_Hays/robotron/Finanzmakler/FE-Library/plugin-library/library-plugin/projects/fm-library/src/lib/toggle/toggle-horizontal/toggle-horizontal.component.ts
[18:48:21] found          : ToggleHorizontalComponent
[18:48:21] parsing        : /Volumes/BEEMO-SSD/02_WorkFiles/02_ScubboClients/01_Hays/robotron/Finanzmakler/FE-Library/plugin-library/library-plugin/projects/fm-library/src/lib/toggle/toggle-horizontal/toggle-horizontal.stories.ts
[18:48:21] found          : HttpLoaderFactory
[18:48:21] found          : Story
[18:48:21] found          : testOptions3
[18:48:21] found          : testOptions5
[18:48:21] found          : Default
[18:48:21] found          : Dark
[18:48:21] found          : FiveOptions
[18:48:21] parsing        : /Volumes/BEEMO-SSD/02_WorkFiles/02_ScubboClients/01_Hays/robotron/Finanzmakler/FE-Library/plugin-library/library-plugin/projects/fm-library/src/lib/toggle/toggle-tristate/toggle-tristate.component.ts
[18:48:21] found          : ToggleTristateComponent
[18:48:21] parsing        : /Volumes/BEEMO-SSD/02_WorkFiles/02_ScubboClients/01_Hays/robotron/Finanzmakler/FE-Library/plugin-library/library-plugin/projects/fm-library/src/lib/toggle/toggle-tristate/toggle-tristate.stories.ts
[18:48:21] found          : HttpLoaderFactory
[18:48:21] found          : Story
[18:48:21] found          : testTabsThree
[18:48:21] found          : testTabsTwo
[18:48:21] found          : Default
[18:48:21] found          : TwoTabs
[18:48:21] parsing        : /Volumes/BEEMO-SSD/02_WorkFiles/02_ScubboClients/01_Hays/robotron/Finanzmakler/FE-Library/plugin-library/library-plugin/projects/fm-library/src/lib/toggle/toggle-vertical/toggle-vertical.component.ts
[18:48:21] found          : ToggleVerticalComponent
[18:48:21] parsing        : /Volumes/BEEMO-SSD/02_WorkFiles/02_ScubboClients/01_Hays/robotron/Finanzmakler/FE-Library/plugin-library/library-plugin/projects/fm-library/src/lib/toggle/toggle-vertical/toggle-vertical.stories.ts
[18:48:21] found          : HttpLoaderFactory
[18:48:21] found          : Story
[18:48:21] found          : testOptions2
[18:48:21] found          : testOptions3
[18:48:21] found          : testOptions5
[18:48:21] found          : Default
[18:48:21] found          : Dark
[18:48:21] found          : FiveOptions
[18:48:21] found          : disabled
[18:48:21] found          : multiLine
[18:48:21] -------------------
[18:48:21] Project statistics 
[18:48:21] - files      : 57
[18:48:21] - module     : 1
[18:48:21] - component  : 26
[18:48:21] - injectable : 1
[18:48:21] - interface  : 1
[18:48:21] -------------------
[18:48:21] Prepare components
[18:48:21]  ButtonComponent has a templateUrl, include it
[18:48:21]  ButtonComponent has styleUrls, include them
[18:48:21]  ButtonGroupComponent has a templateUrl, include it
[18:48:21]  ButtonGroupComponent has styleUrls, include them
[18:48:21]  CounterComponent has a templateUrl, include it
[18:48:21]  CounterComponent has styleUrls, include them
[18:48:21]  DialogComponent has a templateUrl, include it
[18:48:21]  DialogComponent has styleUrls, include them
[18:48:21]  DropdownComponent has a templateUrl, include it
[18:48:21]  DropdownComponent has styleUrls, include them
[18:48:21]  HeaderButtonComponent has a templateUrl, include it
[18:48:21]  HeaderButtonComponent has styleUrls, include them
[18:48:21]  HeaderTextComponent has a templateUrl, include it
[18:48:21]  HeaderTextComponent has styleUrls, include them
[18:48:21]  InfoButtonComponent has a templateUrl, include it
[18:48:21]  InfoButtonComponent has styleUrls, include them
[18:48:21]  InputButtonComponent has a templateUrl, include it
[18:48:21]  InputButtonComponent has styleUrls, include them
[18:48:21]  InputComponent has a templateUrl, include it
[18:48:21]  InputComponent has styleUrls, include them
[18:48:21]  InputDateComponent has a templateUrl, include it
[18:48:21]  InputDateComponent has styleUrls, include them
[18:48:21]  ProgressButtonComponent has a templateUrl, include it
[18:48:21]  ProgressButtonComponent has styleUrls, include them
[18:48:21]  StateIconComponent has a templateUrl, include it
[18:48:21]  StateIconComponent has styleUrls, include them
[18:48:21]  TextAreaComponent has a templateUrl, include it
[18:48:21]  TextAreaComponent has styleUrls, include them
[18:48:21]  TileCheckboxComponent has a templateUrl, include it
[18:48:21]  TileCheckboxComponent has styleUrls, include them
[18:48:21]  TileCheckboxGroupComponent has a templateUrl, include it
[18:48:21]  TileCheckboxGroupComponent has styleUrls, include them
[18:48:21]  TileComponent has a templateUrl, include it
[18:48:21]  TileComponent has styleUrls, include them
[18:48:21]  TileGroupComponent has a templateUrl, include it
[18:48:21]  TileGroupComponent has styleUrls, include them
[18:48:21]  TileRatingComponent has a templateUrl, include it
[18:48:21]  TileRatingComponent has styleUrls, include them
[18:48:21]  TileTextComponent has a templateUrl, include it
[18:48:21]  TileTextComponent has styleUrls, include them
[18:48:21]  ToggleCheckboxComponent has a templateUrl, include it
[18:48:21]  ToggleCheckboxComponent has styleUrls, include them
[18:48:21]  ToggleComponent has a templateUrl, include it
[18:48:21]  ToggleComponent has styleUrls, include them
[18:48:21]  ToggleHorizontalComponent has a templateUrl, include it
[18:48:21]  ToggleHorizontalComponent has styleUrls, include them
[18:48:21]  ToggleTristateComponent has a templateUrl, include it
[18:48:21]  ToggleTristateComponent has styleUrls, include them
[18:48:21]  ToggleVerticalComponent has a templateUrl, include it
[18:48:21]  ToggleVerticalComponent has styleUrls, include them
[18:48:21]  TooltipComponent has a templateUrl, include it
[18:48:21]  TooltipComponent has styleUrls, include them
[18:48:21] Prepare modules
[18:48:21] Prepare injectables
[18:48:21] Prepare interfaces
[18:48:21] Prepare miscellaneous
[18:48:21] Process documentation coverage report
[18:48:21] Generating documentation in export format json
[18:48:21] Documentation generated in projects/fm-library/ in 1.658 seconds

info => Loading presets
info => Building manager..
info => Manager built (650 ms)
info => Compiling preview..
info => Copying static files: /Volumes/BEEMO-SSD/02_WorkFiles/02_ScubboClients/01_Hays/robotron/Finanzmakler/FE-Library/plugin-library/library-plugin/node_modules/@storybook/manager/static at /var/folders/rm/nm3m34h54wq6m7_sj2x428wm0000gn/T/chromatic--18238-3iYasAMyk7xb/sb-common-assets
info Addon-docs: using MDX2
info => Using implicit CSS loaders
info => Using angular browser target options from "fm-library:build"
info => Using angular project with "tsConfig:/Volumes/BEEMO-SSD/02_WorkFiles/02_ScubboClients/01_Hays/robotron/Finanzmakler/FE-Library/plugin-library/library-plugin/projects/fm-library/.storybook/tsconfig.json"
info => Using default Webpack5 setup
<s> [webpack.Progress] 0% 

<s> [webpack.Progress] 1% setup before run
<s> [webpack.Progress] 1% setup before run NodeEnvironmentPlugin
<s> [webpack.Progress] 1% setup before run
<s> [webpack.Progress] 2% setup run
<s> [webpack.Progress] 2% setup run
<s> [webpack.Progress] 4% setup normal module factory
<s> [webpack.Progress] 4% setup normal module factory CaseSensitivePathsPlugin
<s> [webpack.Progress] 4% setup normal module factory
<s> [webpack.Progress] 5% setup context module factory
<s> [webpack.Progress] 5% setup context module factory
<s> [webpack.Progress] 6% setup before compile
<s> [webpack.Progress] 6% setup before compile angular-compiler
<s> [webpack.Progress] 6% setup before compile ProgressPlugin
<s> [webpack.Progress] 6% setup before compile
<s> [webpack.Progress] 7% setup compile
<s> [webpack.Progress] 7% setup compile ExternalsPlugin
<s> [webpack.Progress] 7% setup compile ExternalsPlugin
<s> [webpack.Progress] 7% setup compile
<s> [webpack.Progress] 8% setup compilation
<s> [webpack.Progress] 8% setup compilation angular-compiler
<s> [webpack.Progress] 8% setup compilation mini-css-extract-plugin
<s> [webpack.Progress] 8% setup compilation unplugin-csf
<s> [webpack.Progress] 8% setup compilation storybook-normalize-angular-entry-plugin
<s> [webpack.Progress] 8% setup compilation ArrayPushCallbackChunkFormatPlugin
<s> [webpack.Progress] 8% setup compilation JsonpChunkLoadingPlugin
<s> [webpack.Progress] 8% setup compilation StartupChunkDependenciesPlugin
<s> [webpack.Progress] 8% setup compilation ImportScriptsChunkLoadingPlugin
<s> [webpack.Progress] 8% setup compilation FetchCompileWasmPlugin
<s> [webpack.Progress] 8% setup compilation FetchCompileAsyncWasmPlugin
<s> [webpack.Progress] 8% setup compilation WorkerPlugin
<s> [webpack.Progress] 8% setup compilation SplitChunksPlugin
<s> [webpack.Progress] 8% setup compilation RuntimeChunkPlugin
<s> [webpack.Progress] 8% setup compilation ResolverCachePlugin
<s> [webpack.Progress] 8% setup compilation HtmlWebpackPlugin
<s> [webpack.Progress] 8% setup compilation
<s> [webpack.Progress] 9% setup compilation
<s> [webpack.Progress] 9% setup compilation named-chunks-plugin
<s> [webpack.Progress] 9% setup compilation DedupeModuleResolvePlugin
<s> [webpack.Progress] 9% setup compilation AnyComponentStyleBudgetChecker
<s> [webpack.Progress] 9% setup compilation mini-css-extract-plugin
<s> [webpack.Progress] 9% setup compilation SuppressExtractedTextChunks
<s> [webpack.Progress] 9% setup compilation DefinePlugin
<s> [webpack.Progress] 9% setup compilation ProvidePlugin
<s> [webpack.Progress] 9% setup compilation ProgressPlugin
<s> [webpack.Progress] 9% setup compilation ChunkPrefetchPreloadPlugin
<s> [webpack.Progress] 9% setup compilation SourceMapDevToolPlugin
<s> [webpack.Progress] 9% setup compilation JavascriptModulesPlugin
<s> [webpack.Progress] 9% setup compilation JsonModulesPlugin
<s> [webpack.Progress] 9% setup compilation AssetModulesPlugin
<s> [webpack.Progress] 9% setup compilation DynamicEntryPlugin
<s> [webpack.Progress] 9% setup compilation RuntimePlugin
<s> [webpack.Progress] 9% setup compilation InferAsyncModulesPlugin
<s> [webpack.Progress] 9% setup compilation DataUriPlugin
<s> [webpack.Progress] 9% setup compilation FileUriPlugin
<s> [webpack.Progress] 9% setup compilation CompatibilityPlugin
<s> [webpack.Progress] 9% setup compilation HarmonyModulesPlugin
<s> [webpack.Progress] 9% setup compilation AMDPlugin
<s> [webpack.Progress] 9% setup compilation RequireJsStuffPlugin
<s> [webpack.Progress] 9% setup compilation CommonJsPlugin
<s> [webpack.Progress] 9% setup compilation LoaderPlugin
<s> [webpack.Progress] 9% setup compilation LoaderPlugin
<s> [webpack.Progress] 9% setup compilation NodeStuffPlugin
<s> [webpack.Progress] 9% setup compilation APIPlugin
<s> [webpack.Progress] 9% setup compilation ExportsInfoApiPlugin
<s> [webpack.Progress] 9% setup compilation WebpackIsIncludedPlugin
<s> [webpack.Progress] 9% setup compilation ConstPlugin
<s> [webpack.Progress] 9% setup compilation UseStrictPlugin
<s> [webpack.Progress] 9% setup compilation RequireIncludePlugin
<s> [webpack.Progress] 9% setup compilation RequireEnsurePlugin
<s> [webpack.Progress] 9% setup compilation RequireContextPlugin
<s> [webpack.Progress] 9% setup compilation ImportPlugin
<s> [webpack.Progress] 9% setup compilation RequireContextPlugin
<s> [webpack.Progress] 9% setup compilation SystemPlugin
<s> [webpack.Progress] 9% setup compilation ImportMetaPlugin
<s> [webpack.Progress] 9% setup compilation URLPlugin
<s> [webpack.Progress] 9% setup compilation DefaultStatsFactoryPlugin
<s> [webpack.Progress] 9% setup compilation DefaultStatsPresetPlugin
<s> [webpack.Progress] 9% setup compilation DefaultStatsPrinterPlugin
<s> [webpack.Progress] 9% setup compilation JavascriptMetaInfoPlugin
<s> [webpack.Progress] 9% setup compilation EnsureChunkConditionsPlugin
<s> [webpack.Progress] 9% setup compilation RemoveEmptyChunksPlugin
<s> [webpack.Progress] 9% setup compilation MergeDuplicateChunksPlugin
<s> [webpack.Progress] 9% setup compilation FlagIncludedChunksPlugin
<s> [webpack.Progress] 9% setup compilation SideEffectsFlagPlugin
<s> [webpack.Progress] 9% setup compilation FlagDependencyExportsPlugin
<s> [webpack.Progress] 9% setup compilation FlagDependencyUsagePlugin
<s> [webpack.Progress] 9% setup compilation InnerGraphPlugin
<s> [webpack.Progress] 9% setup compilation MangleExportsPlugin
<s> [webpack.Progress] 9% setup compilation ModuleConcatenationPlugin
<s> [webpack.Progress] 9% setup compilation NoEmitOnErrorsPlugin
<s> [webpack.Progress] 9% setup compilation RealContentHashPlugin
<s> [webpack.Progress] 9% setup compilation WasmFinalizeExportsPlugin
<s> [webpack.Progress] 9% setup compilation NamedModuleIdsPlugin
<s> [webpack.Progress] 9% setup compilation DeterministicChunkIdsPlugin
<s> [webpack.Progress] 9% setup compilation DefinePlugin
<s> [webpack.Progress] 9% setup compilation TerserPlugin
<s> [webpack.Progress] 9% setup compilation TemplatedPathPlugin
<s> [webpack.Progress] 9% setup compilation RecordIdsPlugin
<s> [webpack.Progress] 9% setup compilation WarnCaseSensitiveModulesPlugin
<s> [webpack.Progress] 9% setup compilation IgnoreWarningsPlugin
<s> [webpack.Progress] 9% setup compilation
<s> [webpack.Progress] 10% building
<s> [webpack.Progress] 10% building 0/1 entries 0/0 dependencies 0/0 modules
info => Copying static files: /Volumes/BEEMO-SSD/02_WorkFiles/02_ScubboClients/01_Hays/robotron/Finanzmakler/FE-Library/plugin-library/library-plugin/projects/fm-library/assets at /var/folders/rm/nm3m34h54wq6m7_sj2x428wm0000gn/T/chromatic--18238-3iYasAMyk7xb/
<s> [webpack.Progress] 10% building import loader ./node_modules/@angular-devkit/build-angular/src/babel/webpack-loader.js
<s> [webpack.Progress] 10% building import loader ./node_modules/@storybook/builder-webpack5/node_modules/babel-loader/lib/index.js
<s> [webpack.Progress] 10% building 0/1 entries 1/1 dependencies 0/1 modules
<s> [webpack.Progress] 10% building import loader ./node_modules/@ngtools/webpack/src/ivy/index.js
<s> [webpack.Progress] 10% building 0/1 entries 26/92 dependencies 4/24 modules
<s> [webpack.Progress] 10% building import loader ./node_modules/@storybook/mdx2-csf/loader.js
<s> [webpack.Progress] 10% building 0/1 entries 32/94 dependencies 4/30 modules
<s> [webpack.Progress] 10% building 0/1 entries 39/125 dependencies 8/32 modules
<s> [webpack.Progress] 10% building import loader ./node_modules/unplugin/dist/webpack/loaders/load.js
<s> [webpack.Progress] 10% building 0/1 entries 106/127 dependencies 10/68 modules
<s> [webpack.Progress] 11% building 0/1 entries 123/188 dependencies 20/80 modules
<s> [webpack.Progress] 11% building 0/1 entries 200/321 dependencies 22/122 modules
<s> [webpack.Progress] 11% building 0/1 entries 304/400 dependencies 25/146 modules
<s> [webpack.Progress] 11% building 0/1 entries 342/459 dependencies 29/165 modules
<s> [webpack.Progress] 12% building 0/1 entries 419/507 dependencies 52/200 modules
<s> [webpack.Progress] 12% building 0/1 entries 500/592 dependencies 53/210 modules
<s> [webpack.Progress] 12% building import loader ./node_modules/postcss-loader/dist/cjs.js
<s> [webpack.Progress] 12% building import loader ./node_modules/resolve-url-loader/index.js
<s> [webpack.Progress] 12% building import loader ./node_modules/sass-loader/dist/cjs.js
<s> [webpack.Progress] 12% building 0/1 entries 512/592 dependencies 54/212 modules
<s> [webpack.Progress] 13% building 0/1 entries 520/600 dependencies 68/218 modules
<s> [webpack.Progress] 13% building 0/1 entries 600/612 dependencies 69/239 modules
<s> [webpack.Progress] 14% building 0/1 entries 624/700 dependencies 82/245 modules
<s> [webpack.Progress] 14% building 0/1 entries 696/1177 dependencies 86/300 modules
<s> [webpack.Progress] 14% building 0/1 entries 1137/1179 dependencies 90/600 modules
<s> [webpack.Progress] 16% building 0/1 entries 1670/1800 dependencies 117/806 modules
<s> [webpack.Progress] 16% building 0/1 entries 1885/1900 dependencies 127/873 modules
<s> [webpack.Progress] 17% building 0/1 entries 2087/2100 dependencies 143/876 modules
<s> [webpack.Progress] 18% building 0/1 entries 2158/2300 dependencies 149/876 modules
<s> [webpack.Progress] 18% building 0/1 entries 2367/2500 dependencies 161/912 modules
<s> [webpack.Progress] 19% building 0/1 entries 2600/2681 dependencies 179/932 modules
<s> [webpack.Progress] 21% building 0/1 entries 2762/2800 dependencies 207/936 modules
<s> [webpack.Progress] 26% building 0/1 entries 2946/2952 dependencies 300/938 modules
<s> [webpack.Progress] 31% building 0/1 entries 3166/3196 dependencies 400/986 modules
<s> [webpack.Progress] 35% building 0/1 entries 3279/3300 dependencies 476/1014 modules
<s> [webpack.Progress] 45% building 0/1 entries 3468/3500 dependencies 667/1041 modules
<s> [webpack.Progress] 47% building 0/1 entries 3554/3600 dependencies 706/1041 modules
<s> [webpack.Progress] 49% building 0/1 entries 3641/3700 dependencies 779/1084 modules
<s> [webpack.Progress] 53% building 0/1 entries 3746/3775 dependencies 873/1100 modules
<s> [webpack.Progress] 54% building 0/1 entries 3793/3805 dependencies 900/1119 modules
<s> [webpack.Progress] 58% building 0/1 entries 3885/3895 dependencies 1000/1131 modules
<s> [webpack.Progress] 65% building 1/1 entries 4018/4018 dependencies 1175/1175 modules
<s> [webpack.Progress] 65% building
<s> [webpack.Progress] 69% building finish
<s> [webpack.Progress] 69% building finish
<s> [webpack.Progress] 70% sealing finish module graph
<s> [webpack.Progress] 70% sealing finish module graph angular-compiler
<s> [webpack.Progress] 70% sealing finish module graph ResolverCachePlugin
<s> [webpack.Progress] 70% sealing finish module graph InferAsyncModulesPlugin
<s> [webpack.Progress] 70% sealing finish module graph FlagDependencyExportsPlugin
<s> [webpack.Progress] 70% sealing finish module graph InnerGraphPlugin
<s> [webpack.Progress] 70% sealing finish module graph WasmFinalizeExportsPlugin
<s> [webpack.Progress] 70% sealing finish module graph
<s> [webpack.Progress] 70% sealing plugins
<s> [webpack.Progress] 70% sealing plugins WarnCaseSensitiveModulesPlugin
<s> [webpack.Progress] 70% sealing plugins
<s> [webpack.Progress] 71% sealing dependencies optimization
<s> [webpack.Progress] 71% sealing dependencies optimization SideEffectsFlagPlugin
<s> [webpack.Progress] 71% sealing dependencies optimization FlagDependencyUsagePlugin
<s> [webpack.Progress] 71% sealing dependencies optimization
<s> [webpack.Progress] 71% sealing after dependencies optimization
<s> [webpack.Progress] 71% sealing after dependencies optimization
<s> [webpack.Progress] 72% sealing chunk graph
<s> [webpack.Progress] 72% sealing chunk graph
<s> [webpack.Progress] 73% sealing after chunk graph
<s> [webpack.Progress] 73% sealing after chunk graph
<s> [webpack.Progress] 73% sealing optimizing
<s> [webpack.Progress] 73% sealing optimizing
<s> [webpack.Progress] 74% sealing module optimization
<s> [webpack.Progress] 74% sealing module optimization
<s> [webpack.Progress] 75% sealing after module optimization
<s> [webpack.Progress] 75% sealing after module optimization
<s> [webpack.Progress] 75% sealing chunk optimization
<s> [webpack.Progress] 75% sealing chunk optimization EnsureChunkConditionsPlugin
<s> [webpack.Progress] 75% sealing chunk optimization RemoveEmptyChunksPlugin
<s> [webpack.Progress] 75% sealing chunk optimization MergeDuplicateChunksPlugin
<s> [webpack.Progress] 75% sealing chunk optimization SplitChunksPlugin
<s> [webpack.Progress] 75% sealing chunk optimization RemoveEmptyChunksPlugin
<s> [webpack.Progress] 75% sealing chunk optimization
<s> [webpack.Progress] 76% sealing after chunk optimization
<s> [webpack.Progress] 76% sealing after chunk optimization
<s> [webpack.Progress] 77% sealing module and chunk tree optimization
<s> [webpack.Progress] 77% sealing module and chunk tree optimization PersistentChildCompilerSingletonPlugin
<s> [webpack.Progress] 77% sealing module and chunk tree optimization
<s> [webpack.Progress] 77% sealing after module and chunk tree optimization
<s> [webpack.Progress] 77% sealing after module and chunk tree optimization
<s> [webpack.Progress] 78% sealing chunk modules optimization
<s> [webpack.Progress] 78% sealing chunk modules optimization ModuleConcatenationPlugin
<s> [webpack.Progress] 78% sealing chunk modules optimization
<s> [webpack.Progress] 78% sealing after chunk modules optimization
<s> [webpack.Progress] 78% sealing after chunk modules optimization
<s> [webpack.Progress] 79% sealing module reviving
<s> [webpack.Progress] 79% sealing module reviving RecordIdsPlugin
<s> [webpack.Progress] 79% sealing module reviving
<s> [webpack.Progress] 80% sealing before module ids
<s> [webpack.Progress] 80% sealing before module ids
<s> [webpack.Progress] 80% sealing module ids
<s> [webpack.Progress] 80% sealing module ids NamedModuleIdsPlugin
<s> [webpack.Progress] 80% sealing module ids
<s> [webpack.Progress] 81% sealing module id optimization
<s> [webpack.Progress] 81% sealing module id optimization
<s> [webpack.Progress] 82% sealing module id optimization
<s> [webpack.Progress] 82% sealing module id optimization
<s> [webpack.Progress] 82% sealing chunk reviving
<s> [webpack.Progress] 82% sealing chunk reviving RecordIdsPlugin
<s> [webpack.Progress] 82% sealing chunk reviving
<s> [webpack.Progress] 83% sealing before chunk ids
<s> [webpack.Progress] 83% sealing before chunk ids
<s> [webpack.Progress] 84% sealing chunk ids
<s> [webpack.Progress] 84% sealing chunk ids DeterministicChunkIdsPlugin
<s> [webpack.Progress] 84% sealing chunk ids
<s> [webpack.Progress] 84% sealing chunk id optimization
<s> [webpack.Progress] 84% sealing chunk id optimization FlagIncludedChunksPlugin
<s> [webpack.Progress] 84% sealing chunk id optimization
<s> [webpack.Progress] 85% sealing after chunk id optimization
<s> [webpack.Progress] 85% sealing after chunk id optimization
<s> [webpack.Progress] 86% sealing record modules
<s> [webpack.Progress] 86% sealing record modules RecordIdsPlugin
<s> [webpack.Progress] 86% sealing record modules
<s> [webpack.Progress] 86% sealing record chunks
<s> [webpack.Progress] 86% sealing record chunks RecordIdsPlugin
<s> [webpack.Progress] 86% sealing record chunks
<s> [webpack.Progress] 87% sealing module hashing
<s> [webpack.Progress] 87% sealing module hashing
<s> [webpack.Progress] 87% sealing code generation
<s> [webpack.Progress] 87% sealing code generation
<s> [webpack.Progress] 88% sealing runtime requirements
<s> [webpack.Progress] 88% sealing runtime requirements
<s> [webpack.Progress] 89% sealing hashing
<s> [webpack.Progress] 89% sealing hashing
<s> [webpack.Progress] 89% sealing after hashing
<s> [webpack.Progress] 89% sealing after hashing
<s> [webpack.Progress] 90% sealing record hash
<s> [webpack.Progress] 90% sealing record hash
<s> [webpack.Progress] 91% sealing module assets processing
<s> [webpack.Progress] 91% sealing module assets processing
<s> [webpack.Progress] 91% sealing chunk assets processing
<s> [webpack.Progress] 91% sealing chunk assets processing
<s> [webpack.Progress] 92% sealing asset processing
<s> [webpack.Progress] 92% sealing asset processing PersistentChildCompilerSingletonPlugin
<s> [webpack.Progress] 92% sealing asset processing TerserPlugin
<s> [webpack.Progress] 92% sealing asset processing SourceMapDevToolPlugin
<s> [webpack.Progress] 92% sealing asset processing SourceMapDevToolPlugin
<s> [webpack.Progress] 92% sealing asset processing SourceMapDevToolPlugin main.b20648a2.iframe.bundle.js generate SourceMap
<s> [webpack.Progress] 92% sealing asset processing SourceMapDevToolPlugin main.b20648a2.iframe.bundle.js generated SourceMap
<s> [webpack.Progress] 92% sealing asset processing SourceMapDevToolPlugin runtime~main.a72dba24.iframe.bundle.js generate SourceMap
<s> [webpack.Progress] 92% sealing asset processing SourceMapDevToolPlugin runtime~main.a72dba24.iframe.bundle.js generated SourceMap
<s> [webpack.Progress] 92% sealing asset processing SourceMapDevToolPlugin stories-Introduction-mdx.992cd79b.iframe.bundle.js generate SourceMap
<s> [webpack.Progress] 92% sealing asset processing SourceMapDevToolPlugin stories-Introduction-mdx.992cd79b.iframe.bundle.js generated SourceMap
<s> [webpack.Progress] 92% sealing asset processing SourceMapDevToolPlugin lib-buttons-button-group-button-group-stories.6889ce25.iframe.bundle.js generate SourceMap
<s> [webpack.Progress] 92% sealing asset processing SourceMapDevToolPlugin lib-buttons-button-group-button-group-stories.6889ce25.iframe.bundle.js generated SourceMap
<s> [webpack.Progress] 92% sealing asset processing SourceMapDevToolPlugin lib-buttons-button-button-stories.d4a47794.iframe.bundle.js generate SourceMap
<s> [webpack.Progress] 92% sealing asset processing SourceMapDevToolPlugin lib-buttons-button-button-stories.d4a47794.iframe.bundle.js generated SourceMap
<s> [webpack.Progress] 92% sealing asset processing SourceMapDevToolPlugin lib-buttons-header-button-header-button-stories.e087919d.iframe.bundle.js generate SourceMap
<s> [webpack.Progress] 92% sealing asset processing SourceMapDevToolPlugin lib-buttons-header-button-header-button-stories.e087919d.iframe.bundle.js generated SourceMap
<s> [webpack.Progress] 92% sealing asset processing SourceMapDevToolPlugin lib-buttons-info-button-info-button-stories.8dc63444.iframe.bundle.js generate SourceMap
<s> [webpack.Progress] 92% sealing asset processing SourceMapDevToolPlugin lib-buttons-info-button-info-button-stories.8dc63444.iframe.bundle.js generated SourceMap
<s> [webpack.Progress] 92% sealing asset processing SourceMapDevToolPlugin lib-buttons-progress-button-progress-button-stories.7f0662b3.iframe.bundle.js generate SourceMap
<s> [webpack.Progress] 92% sealing asset processing SourceMapDevToolPlugin lib-buttons-progress-button-progress-button-stories.7f0662b3.iframe.bundle.js generated SourceMap
<s> [webpack.Progress] 92% sealing asset processing SourceMapDevToolPlugin lib-counter-counter-stories.2d7e8b22.iframe.bundle.js generate SourceMap
<s> [webpack.Progress] 92% sealing asset processing SourceMapDevToolPlugin lib-counter-counter-stories.2d7e8b22.iframe.bundle.js generated SourceMap
<s> [webpack.Progress] 92% sealing asset processing SourceMapDevToolPlugin lib-icons-state-icon-state-icon-stories.11a90014.iframe.bundle.js generate SourceMap
<s> [webpack.Progress] 92% sealing asset processing SourceMapDevToolPlugin lib-icons-state-icon-state-icon-stories.11a90014.iframe.bundle.js generated SourceMap
<s> [webpack.Progress] 92% sealing asset processing SourceMapDevToolPlugin lib-info-dialog-dialog-stories.1fcd5cc6.iframe.bundle.js generate SourceMap
<s> [webpack.Progress] 92% sealing asset processing SourceMapDevToolPlugin lib-info-dialog-dialog-stories.1fcd5cc6.iframe.bundle.js generated SourceMap
<s> [webpack.Progress] 92% sealing asset processing SourceMapDevToolPlugin lib-info-tooltip-tooltip-stories.8f8d80f3.iframe.bundle.js generate SourceMap
<s> [webpack.Progress] 92% sealing asset processing SourceMapDevToolPlugin lib-info-tooltip-tooltip-stories.8f8d80f3.iframe.bundle.js generated SourceMap
<s> [webpack.Progress] 92% sealing asset processing SourceMapDevToolPlugin lib-inputs-dropdown-dropdown-stories.5ff85ce1.iframe.bundle.js generate SourceMap
<s> [webpack.Progress] 92% sealing asset processing SourceMapDevToolPlugin lib-inputs-dropdown-dropdown-stories.5ff85ce1.iframe.bundle.js generated SourceMap
<s> [webpack.Progress] 92% sealing asset processing SourceMapDevToolPlugin lib-inputs-input-button-input-button-stories.b7a8e911.iframe.bundle.js generate SourceMap
<s> [webpack.Progress] 92% sealing asset processing SourceMapDevToolPlugin lib-inputs-input-button-input-button-stories.b7a8e911.iframe.bundle.js generated SourceMap
<s> [webpack.Progress] 92% sealing asset processing SourceMapDevToolPlugin lib-inputs-input-date-input-date-stories.157b766a.iframe.bundle.js generate SourceMap
<s> [webpack.Progress] 92% sealing asset processing SourceMapDevToolPlugin lib-inputs-input-date-input-date-stories.157b766a.iframe.bundle.js generated SourceMap
<s> [webpack.Progress] 92% sealing asset processing SourceMapDevToolPlugin lib-inputs-input-input-stories.f64daa9d.iframe.bundle.js generate SourceMap
<s> [webpack.Progress] 92% sealing asset processing SourceMapDevToolPlugin lib-inputs-input-input-stories.f64daa9d.iframe.bundle.js generated SourceMap
<s> [webpack.Progress] 92% sealing asset processing SourceMapDevToolPlugin lib-inputs-text-area-text-area-stories.dea7ab17.iframe.bundle.js generate SourceMap
<s> [webpack.Progress] 92% sealing asset processing SourceMapDevToolPlugin lib-inputs-text-area-text-area-stories.dea7ab17.iframe.bundle.js generated SourceMap
<s> [webpack.Progress] 92% sealing asset processing SourceMapDevToolPlugin lib-text-header-text-header-text-stories.bf2d43a5.iframe.bundle.js generate SourceMap
<s> [webpack.Progress] 92% sealing asset processing SourceMapDevToolPlugin lib-text-header-text-header-text-stories.bf2d43a5.iframe.bundle.js generated SourceMap
<s> [webpack.Progress] 92% sealing asset processing SourceMapDevToolPlugin lib-text-tile-text-tile-text-stories.51e2cc6b.iframe.bundle.js generate SourceMap
<s> [webpack.Progress] 92% sealing asset processing SourceMapDevToolPlugin lib-text-tile-text-tile-text-stories.51e2cc6b.iframe.bundle.js generated SourceMap
<s> [webpack.Progress] 92% sealing asset processing SourceMapDevToolPlugin lib-tiles-tile-checkbox-group-tile-checkbox-group-stories.f9b7c8cb.iframe.bundle.js generate SourceMap
<s> [webpack.Progress] 92% sealing asset processing SourceMapDevToolPlugin lib-tiles-tile-checkbox-group-tile-checkbox-group-stories.f9b7c8cb.iframe.bundle.js generated SourceMap
<s> [webpack.Progress] 92% sealing asset processing SourceMapDevToolPlugin lib-tiles-tile-checkbox-tile-checkbox-stories.1b02d97c.iframe.bundle.js generate SourceMap
<s> [webpack.Progress] 92% sealing asset processing SourceMapDevToolPlugin lib-tiles-tile-checkbox-tile-checkbox-stories.1b02d97c.iframe.bundle.js generated SourceMap
<s> [webpack.Progress] 92% sealing asset processing SourceMapDevToolPlugin lib-tiles-tile-group-tile-group-stories.e8c6768c.iframe.bundle.js generate SourceMap
<s> [webpack.Progress] 92% sealing asset processing SourceMapDevToolPlugin lib-tiles-tile-group-tile-group-stories.e8c6768c.iframe.bundle.js generated SourceMap
<s> [webpack.Progress] 92% sealing asset processing SourceMapDevToolPlugin lib-tiles-tile-rating-tile-rating-stories.68c773c7.iframe.bundle.js generate SourceMap
<s> [webpack.Progress] 92% sealing asset processing SourceMapDevToolPlugin lib-tiles-tile-rating-tile-rating-stories.68c773c7.iframe.bundle.js generated SourceMap
<s> [webpack.Progress] 92% sealing asset processing SourceMapDevToolPlugin lib-toggle-toggle-checkbox-toggle-checkbox-stories.57864b69.iframe.bundle.js generate SourceMap
<s> [webpack.Progress] 92% sealing asset processing SourceMapDevToolPlugin lib-toggle-toggle-checkbox-toggle-checkbox-stories.57864b69.iframe.bundle.js generated SourceMap
<s> [webpack.Progress] 92% sealing asset processing SourceMapDevToolPlugin lib-toggle-toggle-horizontal-toggle-horizontal-stories.062e1491.iframe.bundle.js generate SourceMap
<s> [webpack.Progress] 92% sealing asset processing SourceMapDevToolPlugin lib-toggle-toggle-horizontal-toggle-horizontal-stories.062e1491.iframe.bundle.js generated SourceMap
<s> [webpack.Progress] 92% sealing asset processing SourceMapDevToolPlugin lib-toggle-toggle-tristate-toggle-tristate-stories.418cd945.iframe.bundle.js generate SourceMap
<s> [webpack.Progress] 92% sealing asset processing SourceMapDevToolPlugin lib-toggle-toggle-tristate-toggle-tristate-stories.418cd945.iframe.bundle.js generated SourceMap
<s> [webpack.Progress] 92% sealing asset processing SourceMapDevToolPlugin lib-toggle-toggle-vertical-toggle-vertical-stories.9fb63c75.iframe.bundle.js generate SourceMap
<s> [webpack.Progress] 92% sealing asset processing SourceMapDevToolPlugin lib-toggle-toggle-vertical-toggle-vertical-stories.9fb63c75.iframe.bundle.js generated SourceMap
<s> [webpack.Progress] 92% sealing asset processing SourceMapDevToolPlugin lib-toggle-toggle-toggle-stories.ec2301b7.iframe.bundle.js generate SourceMap
<s> [webpack.Progress] 92% sealing asset processing SourceMapDevToolPlugin lib-toggle-toggle-toggle-stories.ec2301b7.iframe.bundle.js generated SourceMap
<s> [webpack.Progress] 92% sealing asset processing SourceMapDevToolPlugin 1129.d62a3df2.iframe.bundle.js generate SourceMap
<s> [webpack.Progress] 92% sealing asset processing SourceMapDevToolPlugin 1129.d62a3df2.iframe.bundle.js generated SourceMap
<s> [webpack.Progress] 92% sealing asset processing SourceMapDevToolPlugin 4882.ba636ba4.iframe.bundle.js generate SourceMap
<s> [webpack.Progress] 92% sealing asset processing SourceMapDevToolPlugin 4882.ba636ba4.iframe.bundle.js generated SourceMap
<s> [webpack.Progress] 92% sealing asset processing SourceMapDevToolPlugin 3384.3d541659.iframe.bundle.js generate SourceMap
<s> [webpack.Progress] 92% sealing asset processing SourceMapDevToolPlugin 3384.3d541659.iframe.bundle.js generated SourceMap
<s> [webpack.Progress] 92% sealing asset processing SourceMapDevToolPlugin 6123.c8092273.iframe.bundle.js generate SourceMap
<s> [webpack.Progress] 92% sealing asset processing SourceMapDevToolPlugin 6123.c8092273.iframe.bundle.js generated SourceMap
<s> [webpack.Progress] 92% sealing asset processing SourceMapDevToolPlugin 909.3cf92f08.iframe.bundle.js generate SourceMap
<s> [webpack.Progress] 92% sealing asset processing SourceMapDevToolPlugin 909.3cf92f08.iframe.bundle.js generated SourceMap
<s> [webpack.Progress] 92% sealing asset processing SourceMapDevToolPlugin 583.8e52b7f8.iframe.bundle.js generate SourceMap
<s> [webpack.Progress] 92% sealing asset processing SourceMapDevToolPlugin 583.8e52b7f8.iframe.bundle.js generated SourceMap
<s> [webpack.Progress] 92% sealing asset processing SourceMapDevToolPlugin 5256.bb95b49e.iframe.bundle.js generate SourceMap
<s> [webpack.Progress] 92% sealing asset processing SourceMapDevToolPlugin 5256.bb95b49e.iframe.bundle.js generated SourceMap
<s> [webpack.Progress] 92% sealing asset processing SourceMapDevToolPlugin 9568.e635ad35.iframe.bundle.js generate SourceMap
<s> [webpack.Progress] 92% sealing asset processing SourceMapDevToolPlugin 9568.e635ad35.iframe.bundle.js generated SourceMap
<s> [webpack.Progress] 92% sealing asset processing SourceMapDevToolPlugin 6450.a85c3c50.iframe.bundle.js generate SourceMap
<s> [webpack.Progress] 92% sealing asset processing SourceMapDevToolPlugin 6450.a85c3c50.iframe.bundle.js generated SourceMap
<s> [webpack.Progress] 92% sealing asset processing SourceMapDevToolPlugin 78.a5e87998.iframe.bundle.js generate SourceMap
<s> [webpack.Progress] 92% sealing asset processing SourceMapDevToolPlugin 78.a5e87998.iframe.bundle.js generated SourceMap
<s> [webpack.Progress] 92% sealing asset processing SourceMapDevToolPlugin 4610.785ba64f.iframe.bundle.js generate SourceMap
<s> [webpack.Progress] 92% sealing asset processing SourceMapDevToolPlugin 4610.785ba64f.iframe.bundle.js generated SourceMap
<s> [webpack.Progress] 92% sealing asset processing SourceMapDevToolPlugin 7019.4d4bdc7f.iframe.bundle.js generate SourceMap
<s> [webpack.Progress] 92% sealing asset processing SourceMapDevToolPlugin 7019.4d4bdc7f.iframe.bundle.js generated SourceMap
<s> [webpack.Progress] 92% sealing asset processing SourceMapDevToolPlugin 4746.fc750c00.iframe.bundle.js generate SourceMap
<s> [webpack.Progress] 92% sealing asset processing SourceMapDevToolPlugin 4746.fc750c00.iframe.bundle.js generated SourceMap
<s> [webpack.Progress] 92% sealing asset processing SourceMapDevToolPlugin 7641.dfc08dc7.iframe.bundle.js generate SourceMap
<s> [webpack.Progress] 92% sealing asset processing SourceMapDevToolPlugin 7641.dfc08dc7.iframe.bundle.js generated SourceMap
<s> [webpack.Progress] 92% sealing asset processing SourceMapDevToolPlugin 2062.2ed55a9e.iframe.bundle.js generate SourceMap
<s> [webpack.Progress] 92% sealing asset processing SourceMapDevToolPlugin 2062.2ed55a9e.iframe.bundle.js generated SourceMap
<s> [webpack.Progress] 92% sealing asset processing SourceMapDevToolPlugin 888.de02c127.iframe.bundle.js generate SourceMap
<s> [webpack.Progress] 92% sealing asset processing SourceMapDevToolPlugin 888.de02c127.iframe.bundle.js generated SourceMap
<s> [webpack.Progress] 92% sealing asset processing SourceMapDevToolPlugin 439.25dcf9eb.iframe.bundle.js generate SourceMap
<s> [webpack.Progress] 92% sealing asset processing SourceMapDevToolPlugin 439.25dcf9eb.iframe.bundle.js generated SourceMap
<s> [webpack.Progress] 92% sealing asset processing SourceMapDevToolPlugin 8701.c2648385.iframe.bundle.js generate SourceMap
<s> [webpack.Progress] 92% sealing asset processing SourceMapDevToolPlugin 8701.c2648385.iframe.bundle.js generated SourceMap
<s> [webpack.Progress] 92% sealing asset processing SourceMapDevToolPlugin 4617.fd282721.iframe.bundle.js generate SourceMap
<s> [webpack.Progress] 92% sealing asset processing SourceMapDevToolPlugin 4617.fd282721.iframe.bundle.js generated SourceMap
<s> [webpack.Progress] 92% sealing asset processing SourceMapDevToolPlugin 3649.70cabde7.iframe.bundle.js generate SourceMap
<s> [webpack.Progress] 92% sealing asset processing SourceMapDevToolPlugin 3649.70cabde7.iframe.bundle.js generated SourceMap
<s> [webpack.Progress] 92% sealing asset processing SourceMapDevToolPlugin 2456.7ab22faa.iframe.bundle.js generate SourceMap
<s> [webpack.Progress] 92% sealing asset processing SourceMapDevToolPlugin 2456.7ab22faa.iframe.bundle.js generated SourceMap
<s> [webpack.Progress] 92% sealing asset processing SourceMapDevToolPlugin 6401.613b9561.iframe.bundle.js generate SourceMap
<s> [webpack.Progress] 92% sealing asset processing SourceMapDevToolPlugin 6401.613b9561.iframe.bundle.js generated SourceMap
<s> [webpack.Progress] 92% sealing asset processing SourceMapDevToolPlugin 2917.142fc1a7.iframe.bundle.js generate SourceMap
<s> [webpack.Progress] 92% sealing asset processing SourceMapDevToolPlugin 2917.142fc1a7.iframe.bundle.js generated SourceMap
<s> [webpack.Progress] 92% sealing asset processing SourceMapDevToolPlugin 7738.5e568e15.iframe.bundle.js generate SourceMap
<s> [webpack.Progress] 92% sealing asset processing SourceMapDevToolPlugin 7738.5e568e15.iframe.bundle.js generated SourceMap
<s> [webpack.Progress] 92% sealing asset processing SourceMapDevToolPlugin resolve sources
<s> [webpack.Progress] 92% sealing asset processing SourceMapDevToolPlugin 6123.c8092273.iframe.bundle.js attach SourceMap
<s> [webpack.Progress] 92% sealing asset processing SourceMapDevToolPlugin 6123.c8092273.iframe.bundle.js attached SourceMap
<s> [webpack.Progress] 92% sealing asset processing SourceMapDevToolPlugin 7641.dfc08dc7.iframe.bundle.js attach SourceMap
<s> [webpack.Progress] 92% sealing asset processing SourceMapDevToolPlugin 7641.dfc08dc7.iframe.bundle.js attached SourceMap
<s> [webpack.Progress] 92% sealing asset processing SourceMapDevToolPlugin 888.de02c127.iframe.bundle.js attach SourceMap
<s> [webpack.Progress] 92% sealing asset processing SourceMapDevToolPlugin 888.de02c127.iframe.bundle.js attached SourceMap
<s> [webpack.Progress] 92% sealing asset processing SourceMapDevToolPlugin
<s> [webpack.Progress] 92% sealing asset processing SourceMapDevToolPlugin
<s> [webpack.Progress] 92% sealing asset processing SourceMapDevToolPlugin resolve sources
<s> [webpack.Progress] 92% sealing asset processing SourceMapDevToolPlugin
<s> [webpack.Progress] 92% sealing asset processing HtmlWebpackPlugin
<s> [webpack.Progress] 92% sealing asset processing HtmlWebpackPlugin
<s> [webpack.Progress] 92% sealing asset processing HtmlWebpackPlugin resolve sources
<s> [webpack.Progress] 92% sealing asset processing HtmlWebpackPlugin
<s> [webpack.Progress] 92% sealing asset processing RealContentHashPlugin
<s> [webpack.Progress] 92% sealing asset processing RealContentHashPlugin
<s> [webpack.Progress] 92% sealing asset processing RealContentHashPlugin main.d52bb2f7.iframe.bundle.js generate SourceMap
<s> [webpack.Progress] 92% sealing asset processing RealContentHashPlugin main.d52bb2f7.iframe.bundle.js generated SourceMap
<s> [webpack.Progress] 92% sealing asset processing RealContentHashPlugin runtime~main.46bacbb9.iframe.bundle.js generate SourceMap
<s> [webpack.Progress] 92% sealing asset processing RealContentHashPlugin runtime~main.46bacbb9.iframe.bundle.js generated SourceMap
<s> [webpack.Progress] 92% sealing asset processing RealContentHashPlugin lib-buttons-button-group-button-group-stories.9a52c627.iframe.bundle.js generate SourceMap
<s> [webpack.Progress] 92% sealing asset processing RealContentHashPlugin lib-buttons-button-group-button-group-stories.9a52c627.iframe.bundle.js generated SourceMap
<s> [webpack.Progress] 92% sealing asset processing RealContentHashPlugin lib-buttons-button-button-stories.a5b1bc54.iframe.bundle.js generate SourceMap
<s> [webpack.Progress] 92% sealing asset processing RealContentHashPlugin lib-buttons-button-button-stories.a5b1bc54.iframe.bundle.js generated SourceMap
<s> [webpack.Progress] 92% sealing asset processing RealContentHashPlugin lib-buttons-header-button-header-button-stories.646d0264.iframe.bundle.js generate SourceMap
<s> [webpack.Progress] 92% sealing asset processing RealContentHashPlugin lib-buttons-header-button-header-button-stories.646d0264.iframe.bundle.js generated SourceMap
<s> [webpack.Progress] 92% sealing asset processing RealContentHashPlugin lib-buttons-info-button-info-button-stories.a4bff8b7.iframe.bundle.js generate SourceMap
<s> [webpack.Progress] 92% sealing asset processing RealContentHashPlugin lib-buttons-info-button-info-button-stories.a4bff8b7.iframe.bundle.js generated SourceMap
<s> [webpack.Progress] 92% sealing asset processing RealContentHashPlugin lib-buttons-progress-button-progress-button-stories.1c28a2f9.iframe.bundle.js generate SourceMap
<s> [webpack.Progress] 92% sealing asset processing RealContentHashPlugin lib-buttons-progress-button-progress-button-stories.1c28a2f9.iframe.bundle.js generated SourceMap
<s> [webpack.Progress] 92% sealing asset processing RealContentHashPlugin lib-counter-counter-stories.9da002b0.iframe.bundle.js generate SourceMap
<s> [webpack.Progress] 92% sealing asset processing RealContentHashPlugin lib-counter-counter-stories.9da002b0.iframe.bundle.js generated SourceMap
<s> [webpack.Progress] 92% sealing asset processing RealContentHashPlugin lib-icons-state-icon-state-icon-stories.780d65dc.iframe.bundle.js generate SourceMap
<s> [webpack.Progress] 92% sealing asset processing RealContentHashPlugin lib-icons-state-icon-state-icon-stories.780d65dc.iframe.bundle.js generated SourceMap
<s> [webpack.Progress] 92% sealing asset processing RealContentHashPlugin lib-info-dialog-dialog-stories.b8f53651.iframe.bundle.js generate SourceMap
<s> [webpack.Progress] 92% sealing asset processing RealContentHashPlugin lib-info-dialog-dialog-stories.b8f53651.iframe.bundle.js generated SourceMap
<s> [webpack.Progress] 92% sealing asset processing RealContentHashPlugin lib-info-tooltip-tooltip-stories.356b56fe.iframe.bundle.js generate SourceMap
<s> [webpack.Progress] 92% sealing asset processing RealContentHashPlugin lib-info-tooltip-tooltip-stories.356b56fe.iframe.bundle.js generated SourceMap
<s> [webpack.Progress] 92% sealing asset processing RealContentHashPlugin lib-inputs-dropdown-dropdown-stories.2eb4431a.iframe.bundle.js generate SourceMap
<s> [webpack.Progress] 92% sealing asset processing RealContentHashPlugin lib-inputs-dropdown-dropdown-stories.2eb4431a.iframe.bundle.js generated SourceMap
<s> [webpack.Progress] 92% sealing asset processing RealContentHashPlugin lib-inputs-input-button-input-button-stories.97feb325.iframe.bundle.js generate SourceMap
<s> [webpack.Progress] 92% sealing asset processing RealContentHashPlugin lib-inputs-input-button-input-button-stories.97feb325.iframe.bundle.js generated SourceMap
<s> [webpack.Progress] 92% sealing asset processing RealContentHashPlugin lib-inputs-input-date-input-date-stories.5bdf80e0.iframe.bundle.js generate SourceMap
<s> [webpack.Progress] 92% sealing asset processing RealContentHashPlugin lib-inputs-input-date-input-date-stories.5bdf80e0.iframe.bundle.js generated SourceMap
<s> [webpack.Progress] 92% sealing asset processing RealContentHashPlugin lib-inputs-input-input-stories.101ea0c2.iframe.bundle.js generate SourceMap
<s> [webpack.Progress] 92% sealing asset processing RealContentHashPlugin lib-inputs-input-input-stories.101ea0c2.iframe.bundle.js generated SourceMap
<s> [webpack.Progress] 92% sealing asset processing RealContentHashPlugin lib-inputs-text-area-text-area-stories.ce5e0c7d.iframe.bundle.js generate SourceMap
<s> [webpack.Progress] 92% sealing asset processing RealContentHashPlugin lib-inputs-text-area-text-area-stories.ce5e0c7d.iframe.bundle.js generated SourceMap
<s> [webpack.Progress] 92% sealing asset processing RealContentHashPlugin lib-text-header-text-header-text-stories.fa738a05.iframe.bundle.js generate SourceMap
<s> [webpack.Progress] 92% sealing asset processing RealContentHashPlugin lib-text-header-text-header-text-stories.fa738a05.iframe.bundle.js generated SourceMap
<s> [webpack.Progress] 92% sealing asset processing RealContentHashPlugin lib-text-tile-text-tile-text-stories.eaab8a36.iframe.bundle.js generate SourceMap
<s> [webpack.Progress] 92% sealing asset processing RealContentHashPlugin lib-text-tile-text-tile-text-stories.eaab8a36.iframe.bundle.js generated SourceMap
<s> [webpack.Progress] 92% sealing asset processing RealContentHashPlugin lib-tiles-tile-checkbox-group-tile-checkbox-group-stories.0011e9de.iframe.bundle.js generate SourceMap
<s> [webpack.Progress] 92% sealing asset processing RealContentHashPlugin lib-tiles-tile-checkbox-group-tile-checkbox-group-stories.0011e9de.iframe.bundle.js generated SourceMap
<s> [webpack.Progress] 92% sealing asset processing RealContentHashPlugin lib-tiles-tile-checkbox-tile-checkbox-stories.71bebb59.iframe.bundle.js generate SourceMap
<s> [webpack.Progress] 92% sealing asset processing RealContentHashPlugin lib-tiles-tile-checkbox-tile-checkbox-stories.71bebb59.iframe.bundle.js generated SourceMap
<s> [webpack.Progress] 92% sealing asset processing RealContentHashPlugin lib-tiles-tile-group-tile-group-stories.d20f5f0e.iframe.bundle.js generate SourceMap
<s> [webpack.Progress] 92% sealing asset processing RealContentHashPlugin lib-tiles-tile-group-tile-group-stories.d20f5f0e.iframe.bundle.js generated SourceMap
<s> [webpack.Progress] 92% sealing asset processing RealContentHashPlugin lib-tiles-tile-rating-tile-rating-stories.36146b2c.iframe.bundle.js generate SourceMap
<s> [webpack.Progress] 92% sealing asset processing RealContentHashPlugin lib-tiles-tile-rating-tile-rating-stories.36146b2c.iframe.bundle.js generated SourceMap
<s> [webpack.Progress] 92% sealing asset processing RealContentHashPlugin lib-toggle-toggle-checkbox-toggle-checkbox-stories.c4f47094.iframe.bundle.js generate SourceMap
<s> [webpack.Progress] 92% sealing asset processing RealContentHashPlugin lib-toggle-toggle-checkbox-toggle-checkbox-stories.c4f47094.iframe.bundle.js generated SourceMap
<s> [webpack.Progress] 92% sealing asset processing RealContentHashPlugin lib-toggle-toggle-horizontal-toggle-horizontal-stories.db3b494b.iframe.bundle.js generate SourceMap
<s> [webpack.Progress] 92% sealing asset processing RealContentHashPlugin lib-toggle-toggle-horizontal-toggle-horizontal-stories.db3b494b.iframe.bundle.js generated SourceMap
<s> [webpack.Progress] 92% sealing asset processing RealContentHashPlugin lib-toggle-toggle-tristate-toggle-tristate-stories.2de8c7bf.iframe.bundle.js generate SourceMap
<s> [webpack.Progress] 92% sealing asset processing RealContentHashPlugin lib-toggle-toggle-tristate-toggle-tristate-stories.2de8c7bf.iframe.bundle.js generated SourceMap
<s> [webpack.Progress] 92% sealing asset processing RealContentHashPlugin lib-toggle-toggle-vertical-toggle-vertical-stories.134d48f4.iframe.bundle.js generate SourceMap
<s> [webpack.Progress] 92% sealing asset processing RealContentHashPlugin lib-toggle-toggle-vertical-toggle-vertical-stories.134d48f4.iframe.bundle.js generated SourceMap
<s> [webpack.Progress] 92% sealing asset processing RealContentHashPlugin lib-toggle-toggle-toggle-stories.d437abac.iframe.bundle.js generate SourceMap
<s> [webpack.Progress] 92% sealing asset processing RealContentHashPlugin lib-toggle-toggle-toggle-stories.d437abac.iframe.bundle.js generated SourceMap
<s> [webpack.Progress] 92% sealing asset processing RealContentHashPlugin 1129.b5fa5085.iframe.bundle.js generate SourceMap
<s> [webpack.Progress] 92% sealing asset processing RealContentHashPlugin 1129.b5fa5085.iframe.bundle.js generated SourceMap
<s> [webpack.Progress] 92% sealing asset processing RealContentHashPlugin 4882.ae476943.iframe.bundle.js generate SourceMap
<s> [webpack.Progress] 92% sealing asset processing RealContentHashPlugin 4882.ae476943.iframe.bundle.js generated SourceMap
<s> [webpack.Progress] 92% sealing asset processing RealContentHashPlugin 3384.c0e3bebc.iframe.bundle.js generate SourceMap
<s> [webpack.Progress] 92% sealing asset processing RealContentHashPlugin 3384.c0e3bebc.iframe.bundle.js generated SourceMap
<s> [webpack.Progress] 92% sealing asset processing RealContentHashPlugin 909.3094291d.iframe.bundle.js generate SourceMap
<s> [webpack.Progress] 92% sealing asset processing RealContentHashPlugin 909.3094291d.iframe.bundle.js generated SourceMap
<s> [webpack.Progress] 92% sealing asset processing RealContentHashPlugin 583.a76480dd.iframe.bundle.js generate SourceMap
<s> [webpack.Progress] 92% sealing asset processing RealContentHashPlugin 583.a76480dd.iframe.bundle.js generated SourceMap
<s> [webpack.Progress] 92% sealing asset processing RealContentHashPlugin 5256.bdfefad6.iframe.bundle.js generate SourceMap
<s> [webpack.Progress] 92% sealing asset processing RealContentHashPlugin 5256.bdfefad6.iframe.bundle.js generated SourceMap
<s> [webpack.Progress] 92% sealing asset processing RealContentHashPlugin 9568.e2db66c3.iframe.bundle.js generate SourceMap
<s> [webpack.Progress] 92% sealing asset processing RealContentHashPlugin 9568.e2db66c3.iframe.bundle.js generated SourceMap
<s> [webpack.Progress] 92% sealing asset processing RealContentHashPlugin 78.22891026.iframe.bundle.js generate SourceMap
<s> [webpack.Progress] 92% sealing asset processing RealContentHashPlugin 78.22891026.iframe.bundle.js generated SourceMap
<s> [webpack.Progress] 92% sealing asset processing RealContentHashPlugin 4610.6d52e288.iframe.bundle.js generate SourceMap
<s> [webpack.Progress] 92% sealing asset processing RealContentHashPlugin 4610.6d52e288.iframe.bundle.js generated SourceMap
<s> [webpack.Progress] 92% sealing asset processing RealContentHashPlugin 4746.e16f0091.iframe.bundle.js generate SourceMap
<s> [webpack.Progress] 92% sealing asset processing RealContentHashPlugin 4746.e16f0091.iframe.bundle.js generated SourceMap
<s> [webpack.Progress] 92% sealing asset processing RealContentHashPlugin 8701.57a2080c.iframe.bundle.js generate SourceMap
<s> [webpack.Progress] 92% sealing asset processing RealContentHashPlugin 8701.57a2080c.iframe.bundle.js generated SourceMap
<s> [webpack.Progress] 92% sealing asset processing RealContentHashPlugin 4617.afa86597.iframe.bundle.js generate SourceMap
<s> [webpack.Progress] 92% sealing asset processing RealContentHashPlugin 4617.afa86597.iframe.bundle.js generated SourceMap
<s> [webpack.Progress] 92% sealing asset processing RealContentHashPlugin 2456.fb7902f6.iframe.bundle.js generate SourceMap
<s> [webpack.Progress] 92% sealing asset processing RealContentHashPlugin 2456.fb7902f6.iframe.bundle.js generated SourceMap
<s> [webpack.Progress] 92% sealing asset processing RealContentHashPlugin 6401.f87c74a4.iframe.bundle.js generate SourceMap
<s> [webpack.Progress] 92% sealing asset processing RealContentHashPlugin 6401.f87c74a4.iframe.bundle.js generated SourceMap
<s> [webpack.Progress] 92% sealing asset processing RealContentHashPlugin 2917.498f59ce.iframe.bundle.js generate SourceMap
<s> [webpack.Progress] 92% sealing asset processing RealContentHashPlugin 2917.498f59ce.iframe.bundle.js generated SourceMap
<s> [webpack.Progress] 92% sealing asset processing RealContentHashPlugin 7738.80d18711.iframe.bundle.js generate SourceMap
<s> [webpack.Progress] 92% sealing asset processing RealContentHashPlugin 7738.80d18711.iframe.bundle.js generated SourceMap
<s> [webpack.Progress] 92% sealing asset processing RealContentHashPlugin stories-Introduction-mdx.5c39b459.iframe.bundle.js generate SourceMap
<s> [webpack.Progress] 92% sealing asset processing RealContentHashPlugin stories-Introduction-mdx.5c39b459.iframe.bundle.js generated SourceMap
<s> [webpack.Progress] 92% sealing asset processing RealContentHashPlugin 6450.c9d694b7.iframe.bundle.js generate SourceMap
<s> [webpack.Progress] 92% sealing asset processing RealContentHashPlugin 6450.c9d694b7.iframe.bundle.js generated SourceMap
<s> [webpack.Progress] 92% sealing asset processing RealContentHashPlugin 7019.d16463cc.iframe.bundle.js generate SourceMap
<s> [webpack.Progress] 92% sealing asset processing RealContentHashPlugin 7019.d16463cc.iframe.bundle.js generated SourceMap
<s> [webpack.Progress] 92% sealing asset processing RealContentHashPlugin 2062.d9038d4a.iframe.bundle.js generate SourceMap
<s> [webpack.Progress] 92% sealing asset processing RealContentHashPlugin 2062.d9038d4a.iframe.bundle.js generated SourceMap
<s> [webpack.Progress] 92% sealing asset processing RealContentHashPlugin 439.89512b17.iframe.bundle.js generate SourceMap
<s> [webpack.Progress] 92% sealing asset processing RealContentHashPlugin 439.89512b17.iframe.bundle.js generated SourceMap
<s> [webpack.Progress] 92% sealing asset processing RealContentHashPlugin 3649.b29368ca.iframe.bundle.js generate SourceMap
<s> [webpack.Progress] 92% sealing asset processing RealContentHashPlugin 3649.b29368ca.iframe.bundle.js generated SourceMap
<s> [webpack.Progress] 92% sealing asset processing RealContentHashPlugin resolve sources
<s> [webpack.Progress] 92% sealing asset processing RealContentHashPlugin
<s> [webpack.Progress] 92% sealing asset processing AnyComponentStyleBudgetChecker
<s> [webpack.Progress] 92% sealing asset processing
<s> [webpack.Progress] 93% sealing after asset optimization
<s> [webpack.Progress] 93% sealing after asset optimization
<s> [webpack.Progress] 93% sealing recording
<s> [webpack.Progress] 93% sealing recording
<s> [webpack.Progress] 94% sealing after seal
<s> [webpack.Progress] 94% sealing after seal
<s> [webpack.Progress] 95% emitting emit
<s> [webpack.Progress] 95% emitting emit
<s> [webpack.Progress] 98% emitting after emit
<s> [webpack.Progress] 98% emitting after emit SizeLimitsPlugin
<s> [webpack.Progress] 98% emitting after emit
<s> [webpack.Progress] 99% done plugins
<s> [webpack.Progress] 99% done plugins CaseSensitivePathsPlugin
<s> [webpack.Progress] 99% done plugins
<s> [webpack.Progress] 99% 

<s> [webpack.Progress] 99% cache store build dependencies
<s> [webpack.Progress] 99% cache store build dependencies
<s> [webpack.Progress] 99% cache begin idle
<s> [webpack.Progress] 99% cache begin idle
<s> [webpack.Progress] 100% 

info => Preview built (2.88 min)
WARN Module Warning (from ./node_modules/postcss-loader/dist/cjs.js):
WARN Warning
WARN 
WARN (1761:3) autoprefixer: start value has mixed support, consider using flex-start instead
WARN Module Warning (from ./node_modules/postcss-loader/dist/cjs.js):
WARN Warning
WARN 
WARN (1786:3) autoprefixer: start value has mixed support, consider using flex-start instead
WARN /Volumes/BEEMO-SSD/02_WorkFiles/02_ScubboClients/01_Hays/robotron/Finanzmakler/FE-Library/plugin-library/library-plugin/projects/fm-library/src/lib/fm-library.module.ts is part of the TypeScript compilation but it's unused.
WARN Add only entry points to the 'files' or 'include' properties in your tsconfig.
WARN /Volumes/BEEMO-SSD/02_WorkFiles/02_ScubboClients/01_Hays/robotron/Finanzmakler/FE-Library/plugin-library/library-plugin/projects/fm-library/src/public-api.ts is part of the TypeScript compilation but it's unused.
WARN Add only entry points to the 'files' or 'include' properties in your tsconfig.
WARN /Volumes/BEEMO-SSD/02_WorkFiles/02_ScubboClients/01_Hays/robotron/Finanzmakler/FE-Library/plugin-library/library-plugin/projects/fm-library/src/stories/User.ts is part of the TypeScript compilation but it's unused.
WARN Add only entry points to the 'files' or 'include' properties in your tsconfig.
WARN asset size limit: The following asset(s) exceed the recommended size limit (244 KiB).
WARN This can impact web performance.
WARN Assets: 
WARN   main.d52bb2f7.iframe.bundle.js (410 KiB)
WARN   4746.e16f0091.iframe.bundle.js (411 KiB)
WARN   6123.38e600aa.iframe.bundle.js (583 KiB)
WARN   7641.c460d568.iframe.bundle.js (760 KiB)
WARN   2062.d9038d4a.iframe.bundle.js (320 KiB)
WARN   888.4557faa1.iframe.bundle.js (1.96 MiB)
WARN   439.89512b17.iframe.bundle.js (605 KiB)
WARN entrypoint size limit: The following entrypoint(s) combined asset size exceeds the recommended limit (244 KiB). This can impact web performance.
WARN Entrypoints:
WARN   main (2.37 MiB)
WARN       runtime~main.46bacbb9.iframe.bundle.js
WARN       888.4557faa1.iframe.bundle.js
WARN       main.d52bb2f7.iframe.bundle.js
WARN 
<s> [webpack.Progress] 99% cache shutdown
<s> [webpack.Progress] 99% cache shutdown
<s> [webpack.Progress] 100% 

info => Output directory: /var/folders/rm/nm3m34h54wq6m7_sj2x428wm0000gn/T/chromatic--18238-3iYasAMyk7xb
